#
# There is insufficient memory for the Java Runtime Environment to continue.
# Native memory allocation (malloc) failed to allocate 32744 bytes for ChunkPool::allocate
# Possible reasons:
#   The system is out of physical RAM or swap space
#   In 32 bit mode, the process size limit was hit
# Possible solutions:
#   Reduce memory load on the system
#   Increase physical memory or swap space
#   Check if swap backing store is full
#   Use 64 bit Java on a 64 bit OS
#   Decrease Java heap size (-Xmx/-Xms)
#   Decrease number of Java threads
#   Decrease Java thread stack sizes (-Xss)
#   Set larger code cache with -XX:ReservedCodeCacheSize=
# This output file may be truncated or incomplete.
#
#  Out of Memory Error (allocation.cpp:273), pid=10192, tid=0x0000000000001630
#
# JRE version: OpenJDK Runtime Environment (8.0_152-b01) (build 1.8.0_152-release-915-b01)
# Java VM: OpenJDK 64-Bit Server VM (25.152-b01 mixed mode windows-amd64 compressed oops)
# Failed to write core dump. Minidumps are not enabled by default on client versions of Windows
#

---------------  T H R E A D  ---------------

Current thread (0x0000000014dfb000):  JavaThread "C2 CompilerThread0" daemon [_thread_in_native, id=5680, stack(0x0000000016470000,0x0000000016570000)]

Stack: [0x0000000016470000,0x0000000016570000]
[error occurred during error reporting (printing stack bounds), id 0xc0000005]

Native frames: (J=compiled Java code, j=interpreted, Vv=VM code, C=native code)


Current CompileTask:
C2:   2419  867       4       org.objectweb.asm.Item::a (354 bytes)


---------------  P R O C E S S  ---------------

Java Threads: ( => current thread )
  0x0000000014e5c000 JavaThread "Service Thread" daemon [_thread_blocked, id=7428, stack(0x0000000016b70000,0x0000000016c70000)]
  0x0000000016680800 JavaThread "C1 CompilerThread2" daemon [_thread_blocked, id=3836, stack(0x0000000016a70000,0x0000000016b70000)]
  0x0000000014e51800 JavaThread "C2 CompilerThread1" daemon [_thread_in_native, id=1076, stack(0x0000000016570000,0x0000000016670000)]
=>0x0000000014dfb000 JavaThread "C2 CompilerThread0" daemon [_thread_in_native, id=5680, stack(0x0000000016470000,0x0000000016570000)]
  0x0000000014e0a800 JavaThread "Attach Listener" daemon [_thread_blocked, id=9788, stack(0x0000000016370000,0x0000000016470000)]
  0x0000000014e09800 JavaThread "Signal Dispatcher" daemon [_thread_blocked, id=9684, stack(0x0000000016270000,0x0000000016370000)]
  0x0000000004a9e800 JavaThread "Finalizer" daemon [_thread_blocked, id=6844, stack(0x0000000016070000,0x0000000016170000)]
  0x0000000004a93800 JavaThread "Reference Handler" daemon [_thread_blocked, id=5616, stack(0x0000000015f70000,0x0000000016070000)]
  0x00000000049a3800 JavaThread "main" [_thread_in_vm, id=3248, stack(0x00000000047b0000,0x00000000048b0000)]

Other Threads:
  0x0000000014dc5000 VMThread [stack: 0x0000000015e70000,0x0000000015f70000] [id=1864]
  0x0000000014e5e000 WatcherThread [stack: 0x0000000016c70000,0x0000000016d70000] [id=5100]

VM state:not at safepoint (normal execution)

VM Mutex/Monitor currently owned by a thread: None

Heap:
 PSYoungGen      total 18944K, used 18912K [0x00000000feb00000, 0x0000000100000000, 0x0000000100000000)
  eden space 16384K, 100% used [0x00000000feb00000,0x00000000ffb00000,0x00000000ffb00000)
  from space 2560K, 98% used [0x00000000ffb00000,0x00000000ffd78030,0x00000000ffd80000)
  to   space 2560K, 0% used [0x00000000ffd80000,0x00000000ffd80000,0x0000000100000000)
 ParOldGen       total 44032K, used 1576K [0x00000000fc000000, 0x00000000feb00000, 0x00000000feb00000)
  object space 44032K, 3% used [0x00000000fc000000,0x00000000fc18a2c8,0x00000000feb00000)
 Metaspace       used 7443K, capacity 7644K, committed 7936K, reserved 1056768K
  class space    used 866K, capacity 956K, committed 1024K, reserved 1048576K

Card table byte_map: [0x00000000046d0000,0x0000000004700000] byte_map_base: 0x0000000003ef0000

Marking Bits: (ParMarkBitMap*) 0x0000000059243950
 Begin Bits: [0x0000000014260000, 0x0000000014360000)
 End Bits:   [0x0000000014360000, 0x0000000014460000)

Polling page: 0x0000000002c00000

CodeCache: size=245760Kb used=3320Kb max_used=3320Kb free=242439Kb
 bounds [0x0000000004aa0000, 0x0000000004de0000, 0x0000000013aa0000]
 total_blobs=1196 nmethods=865 adapters=245
 compilation: enabled

Compilation events (10 events):
Event: 2.416 Thread 0x0000000016680800 nmethod 861 0x0000000004dd6b50 code [0x0000000004dd6cc0, 0x0000000004dd6ee8]
Event: 2.416 Thread 0x0000000016680800  863       3       com.google.common.base.Preconditions::checkNotNull (35 bytes)
Event: 2.416 Thread 0x0000000016680800 nmethod 863 0x0000000004dd9b10 code [0x0000000004dd9cc0, 0x0000000004dda318]
Event: 2.416 Thread 0x0000000016680800  864       3       com.google.devtools.build.android.desugar.LambdaDesugaring$InvokedynamicRewriter::visitEnd (9 bytes)
Event: 2.416 Thread 0x0000000016680800 nmethod 864 0x0000000004dd6690 code [0x0000000004dd6800, 0x0000000004dd6a08]
Event: 2.416 Thread 0x0000000016680800  865       3       org.objectweb.asm.MethodWriter::visitEnd (1 bytes)
Event: 2.416 Thread 0x0000000016680800 nmethod 865 0x0000000004dd97d0 code [0x0000000004dd9920, 0x0000000004dd9a70]
Event: 2.416 Thread 0x0000000016680800  866       3       com.google.devtools.build.android.desugar.LambdaDesugaring$InvokedynamicRewriter::<init> (42 bytes)
Event: 2.416 Thread 0x0000000016680800 nmethod 866 0x0000000004ddf190 code [0x0000000004ddf360, 0x0000000004ddfb48]
Event: 2.417 Thread 0x0000000014dfb000  867       4       org.objectweb.asm.Item::a (354 bytes)

GC Heap History (2 events):
Event: 1.735 GC heap before
{Heap before GC invocations=1 (full 0):
 PSYoungGen      total 18944K, used 16384K [0x00000000feb00000, 0x0000000100000000, 0x0000000100000000)
  eden space 16384K, 100% used [0x00000000feb00000,0x00000000ffb00000,0x00000000ffb00000)
  from space 2560K, 0% used [0x00000000ffd80000,0x00000000ffd80000,0x0000000100000000)
  to   space 2560K, 0% used [0x00000000ffb00000,0x00000000ffb00000,0x00000000ffd80000)
 ParOldGen       total 44032K, used 0K [0x00000000fc000000, 0x00000000feb00000, 0x00000000feb00000)
  object space 44032K, 0% used [0x00000000fc000000,0x00000000fc000000,0x00000000feb00000)
 Metaspace       used 6492K, capacity 6606K, committed 6784K, reserved 1056768K
  class space    used 768K, capacity 823K, committed 896K, reserved 1048576K
Event: 1.744 GC heap after
Heap after GC invocations=1 (full 0):
 PSYoungGen      total 18944K, used 2528K [0x00000000feb00000, 0x0000000100000000, 0x0000000100000000)
  eden space 16384K, 0% used [0x00000000feb00000,0x00000000feb00000,0x00000000ffb00000)
  from space 2560K, 98% used [0x00000000ffb00000,0x00000000ffd78030,0x00000000ffd80000)
  to   space 2560K, 0% used [0x00000000ffd80000,0x00000000ffd80000,0x0000000100000000)
 ParOldGen       total 44032K, used 1576K [0x00000000fc000000, 0x00000000feb00000, 0x00000000feb00000)
  object space 44032K, 3% used [0x00000000fc000000,0x00000000fc18a2c8,0x00000000feb00000)
 Metaspace       used 6492K, capacity 6606K, committed 6784K, reserved 1056768K
  class space    used 768K, capacity 823K, committed 896K, reserved 1048576K
}

Deoptimization events (10 events):
Event: 0.261 Thread 0x00000000049a3800 Uncommon trap: reason=range_check action=make_not_entrant pc=0x0000000004c194a0 method=sun.reflect.generics.parser.SignatureParser.current()C @ 34
Event: 1.561 Thread 0x00000000049a3800 Uncommon trap: reason=unstable_if action=reinterpret pc=0x0000000004c39838 method=java.lang.String.startsWith(Ljava/lang/String;I)Z @ 25
Event: 1.656 Thread 0x00000000049a3800 Uncommon trap: reason=unstable_if action=reinterpret pc=0x0000000004cb62ac method=java.util.zip.ZipFile$ZipEntryIterator.hasNext()Z @ 25
Event: 1.656 Thread 0x00000000049a3800 Uncommon trap: reason=unstable_if action=reinterpret pc=0x0000000004cc43e8 method=java.util.zip.ZipCoder.decoder()Ljava/nio/charset/CharsetDecoder; @ 4
Event: 1.656 Thread 0x00000000049a3800 Uncommon trap: reason=unstable_if action=reinterpret pc=0x0000000004cb6858 method=java.util.zip.ZipEntry.setExtra0([BZ)V @ 1
Event: 1.664 Thread 0x00000000049a3800 Uncommon trap: reason=unstable_if action=reinterpret pc=0x0000000004cbfccc method=java.util.zip.ZipCoder.decoder()Ljava/nio/charset/CharsetDecoder; @ 4
Event: 1.667 Thread 0x00000000049a3800 Uncommon trap: reason=unstable_if action=reinterpret pc=0x0000000004cb7660 method=java.util.zip.ZipCoder.decoder()Ljava/nio/charset/CharsetDecoder; @ 4
Event: 1.939 Thread 0x00000000049a3800 Uncommon trap: reason=unloaded action=reinterpret pc=0x0000000004ccadbc method=java.util.zip.ZipEntry.setExtra0([BZ)V @ 37
Event: 2.219 Thread 0x00000000049a3800 Uncommon trap: reason=unstable_if action=reinterpret pc=0x0000000004c87030 method=java.lang.String.<init>([CII)V @ 18
Event: 2.399 Thread 0x00000000049a3800 Uncommon trap: reason=unstable_if action=reinterpret pc=0x0000000004db580c method=org.objectweb.asm.Item.a(Lorg/objectweb/asm/Item;)Z @ 251

Classes redefined (0 events):
No events

Internal exceptions (10 events):
Event: 1.667 Thread 0x00000000049a3800 Implicit null exception at 0x0000000004cb7064 to 0x0000000004cb7631
Event: 1.792 Thread 0x00000000049a3800 Exception <a 'sun/nio/fs/WindowsException'> (0x00000000ff165958) thrown at [D:\src\AOSP-openjdk-cygwin\jdk8u\hotspot\src\share\vm\prims\jni.cpp, line 709]
Event: 1.792 Thread 0x00000000049a3800 Exception <a 'sun/nio/fs/WindowsException'> (0x00000000ff165f18) thrown at [D:\src\AOSP-openjdk-cygwin\jdk8u\hotspot\src\share\vm\prims\jni.cpp, line 709]
Event: 1.792 Thread 0x00000000049a3800 Exception <a 'sun/nio/fs/WindowsException'> (0x00000000ff1664d0) thrown at [D:\src\AOSP-openjdk-cygwin\jdk8u\hotspot\src\share\vm\prims\jni.cpp, line 709]
Event: 1.792 Thread 0x00000000049a3800 Exception <a 'sun/nio/fs/WindowsException'> (0x00000000ff166c90) thrown at [D:\src\AOSP-openjdk-cygwin\jdk8u\hotspot\src\share\vm\prims\jni.cpp, line 709]
Event: 1.792 Thread 0x00000000049a3800 Exception <a 'sun/nio/fs/WindowsException'> (0x00000000ff167220) thrown at [D:\src\AOSP-openjdk-cygwin\jdk8u\hotspot\src\share\vm\prims\jni.cpp, line 709]
Event: 1.792 Thread 0x00000000049a3800 Exception <a 'sun/nio/fs/WindowsException'> (0x00000000ff1679d0) thrown at [D:\src\AOSP-openjdk-cygwin\jdk8u\hotspot\src\share\vm\prims\jni.cpp, line 709]
Event: 1.871 Thread 0x00000000049a3800 Exception <a 'sun/nio/fs/WindowsException'> (0x00000000ff16ccf8) thrown at [D:\src\AOSP-openjdk-cygwin\jdk8u\hotspot\src\share\vm\prims\jni.cpp, line 709]
Event: 1.952 Thread 0x00000000049a3800 Exception <a 'sun/nio/fs/WindowsException'> (0x00000000ff41f728) thrown at [D:\src\AOSP-openjdk-cygwin\jdk8u\hotspot\src\share\vm\prims\jni.cpp, line 709]
Event: 1.952 Thread 0x00000000049a3800 Exception <a 'sun/nio/fs/WindowsException'> (0x00000000ff41fca0) thrown at [D:\src\AOSP-openjdk-cygwin\jdk8u\hotspot\src\share\vm\prims\jni.cpp, line 709]

Events (10 events):
Event: 2.219 Thread 0x00000000049a3800 Uncommon trap: trap_request=0xffffff65 fr.pc=0x0000000004c87030
Event: 2.219 Thread 0x00000000049a3800 DEOPT PACKING pc=0x0000000004c87030 sp=0x00000000048aeb50
Event: 2.219 Thread 0x00000000049a3800 DEOPT UNPACKING pc=0x0000000004ae556a sp=0x00000000048aeb18 mode 2
Event: 2.221 loading class org/objectweb/asm/tree/TryCatchBlockNode
Event: 2.221 loading class org/objectweb/asm/tree/TryCatchBlockNode done
Event: 2.221 loading class org/objectweb/asm/Handler
Event: 2.221 loading class org/objectweb/asm/Handler done
Event: 2.399 Thread 0x00000000049a3800 Uncommon trap: trap_request=0xffffff65 fr.pc=0x0000000004db580c
Event: 2.399 Thread 0x00000000049a3800 DEOPT PACKING pc=0x0000000004db580c sp=0x00000000048ae780
Event: 2.399 Thread 0x00000000049a3800 DEOPT UNPACKING pc=0x0000000004ae556a sp=0x00000000048ae718 mode 2


Dynamic libraries:
0x00007ff60e000000 - 0x00007ff60e031000 	C:\Program Files\Android\Android Studio\jre\bin\java.exe
0x00007ffd5def0000 - 0x00007ffd5e0d0000 	C:\Windows\SYSTEM32\ntdll.dll
0x00007ffd5b620000 - 0x00007ffd5b6ce000 	C:\Windows\System32\KERNEL32.DLL
0x00007ffd5a8a0000 - 0x00007ffd5ab06000 	C:\Windows\System32\KERNELBASE.dll
0x00007ffd5ddd0000 - 0x00007ffd5de71000 	C:\Windows\System32\ADVAPI32.dll
0x00007ffd5b460000 - 0x00007ffd5b4fd000 	C:\Windows\System32\msvcrt.dll
0x00007ffd5d730000 - 0x00007ffd5d78b000 	C:\Windows\System32\sechost.dll
0x00007ffd5b500000 - 0x00007ffd5b61f000 	C:\Windows\System32\RPCRT4.dll
0x00007ffd5d960000 - 0x00007ffd5daef000 	C:\Windows\System32\USER32.dll
0x00007ffd5a4c0000 - 0x00007ffd5a4e0000 	C:\Windows\System32\win32u.dll
0x00007ffd5de80000 - 0x00007ffd5dea8000 	C:\Windows\System32\GDI32.dll
0x00007ffd5a700000 - 0x00007ffd5a893000 	C:\Windows\System32\gdi32full.dll
0x00007ffd5a660000 - 0x00007ffd5a6fb000 	C:\Windows\System32\msvcp_win.dll
0x00007ffd5a4e0000 - 0x00007ffd5a5d5000 	C:\Windows\System32\ucrtbase.dll
0x00007ffd50190000 - 0x00007ffd503f9000 	C:\Windows\WinSxS\amd64_microsoft.windows.common-controls_6595b64144ccf1df_6.0.16299.611_none_15c7d8029365981f\COMCTL32.dll
0x00007ffd5d070000 - 0x00007ffd5d377000 	C:\Windows\System32\combase.dll
0x00007ffd5a5e0000 - 0x00007ffd5a652000 	C:\Windows\System32\bcryptPrimitives.dll
0x00007ffd5dda0000 - 0x00007ffd5ddcd000 	C:\Windows\System32\IMM32.DLL
0x00000000588c0000 - 0x0000000058992000 	C:\Program Files\Android\Android Studio\jre\jre\bin\msvcr100.dll
0x0000000058a80000 - 0x00000000592be000 	C:\Program Files\Android\Android Studio\jre\jre\bin\server\jvm.dll
0x00007ffd5d590000 - 0x00007ffd5d598000 	C:\Windows\System32\PSAPI.DLL
0x00007ffd56fd0000 - 0x00007ffd56fd9000 	C:\Windows\SYSTEM32\WSOCK32.dll
0x00007ffd5d7a0000 - 0x00007ffd5d80c000 	C:\Windows\System32\WS2_32.dll
0x00007ffd584f0000 - 0x00007ffd58513000 	C:\Windows\SYSTEM32\WINMM.dll
0x00007ffd53d80000 - 0x00007ffd53d8a000 	C:\Windows\SYSTEM32\VERSION.dll
0x00007ffd58490000 - 0x00007ffd584ba000 	C:\Windows\SYSTEM32\WINMMBASE.dll
0x00007ffd5b370000 - 0x00007ffd5b3ba000 	C:\Windows\System32\cfgmgr32.dll
0x00007ffd51930000 - 0x00007ffd5193f000 	C:\Program Files\Android\Android Studio\jre\jre\bin\verify.dll
0x00007ffd3d100000 - 0x00007ffd3d129000 	C:\Program Files\Android\Android Studio\jre\jre\bin\java.dll
0x00007ffd42280000 - 0x00007ffd42296000 	C:\Program Files\Android\Android Studio\jre\jre\bin\zip.dll
0x00007ffd5bbd0000 - 0x00007ffd5d008000 	C:\Windows\System32\SHELL32.dll
0x00007ffd5b6d0000 - 0x00007ffd5b776000 	C:\Windows\System32\shcore.dll
0x00007ffd5abc0000 - 0x00007ffd5b307000 	C:\Windows\System32\windows.storage.dll
0x00007ffd5d3e0000 - 0x00007ffd5d431000 	C:\Windows\System32\shlwapi.dll
0x00007ffd5a2b0000 - 0x00007ffd5a2c1000 	C:\Windows\System32\kernel.appcore.dll
0x00007ffd5a260000 - 0x00007ffd5a2ac000 	C:\Windows\System32\powrprof.dll
0x00007ffd5a2d0000 - 0x00007ffd5a2eb000 	C:\Windows\System32\profapi.dll
0x00007ffd59c30000 - 0x00007ffd59c47000 	C:\Windows\SYSTEM32\CRYPTSP.dll
0x00007ffd59670000 - 0x00007ffd596a3000 	C:\Windows\system32\rsaenh.dll
0x00007ffd59da0000 - 0x00007ffd59dc5000 	C:\Windows\SYSTEM32\bcrypt.dll
0x00007ffd5a170000 - 0x00007ffd5a199000 	C:\Windows\SYSTEM32\USERENV.dll
0x00007ffd59c50000 - 0x00007ffd59c5b000 	C:\Windows\SYSTEM32\CRYPTBASE.dll
0x00007ffd4c8e0000 - 0x00007ffd4c8fa000 	C:\Program Files\Android\Android Studio\jre\jre\bin\net.dll
0x00007ffd59a70000 - 0x00007ffd59ad6000 	C:\Windows\system32\mswsock.dll
0x00007ffd59800000 - 0x00007ffd59839000 	C:\Windows\SYSTEM32\IPHLPAPI.DLL
0x00007ffd5deb0000 - 0x00007ffd5deb8000 	C:\Windows\System32\NSI.dll
0x00007ffd561b0000 - 0x00007ffd561c6000 	C:\Windows\SYSTEM32\dhcpcsvc6.DLL
0x00007ffd56190000 - 0x00007ffd561aa000 	C:\Windows\SYSTEM32\dhcpcsvc.DLL
0x00007ffd4c840000 - 0x00007ffd4c851000 	C:\Program Files\Android\Android Studio\jre\jre\bin\nio.dll

VM Arguments:
jvm_args: -Djava.awt.headless=true -Xmx64M -Dfile.encoding=windows-1251 -Duser.country=RU -Duser.language=ru -Duser.variant 
java_command: com.google.devtools.build.android.desugar.Desugar --input C:\Users\PC\git\HttpTest\app\build\intermediates\transforms\stackFramesFixer\debug\8.jar --output C:\Users\PC\git\HttpTest\app\build\intermediates\transforms\desugar\debug\9.jar --input C:\Users\PC\git\HttpTest\app\build\intermediates\transforms\stackFramesFixer\debug\3.jar --output C:\Users\PC\git\HttpTest\app\build\intermediates\transforms\desugar\debug\4.jar --input C:\Users\PC\git\HttpTest\app\build\intermediates\transforms\stackFramesFixer\debug\9.jar --output C:\Users\PC\git\HttpTest\app\build\intermediates\transforms\desugar\debug\10.jar --input C:\Users\PC\git\HttpTest\app\build\intermediates\transforms\stackFramesFixer\debug\2.jar --output C:\Users\PC\git\HttpTest\app\build\intermediates\transforms\desugar\debug\3.jar --input C:\Users\PC\git\HttpTest\app\build\intermediates\transforms\stackFramesFixer\debug\16.jar --output C:\Users\PC\git\HttpTest\app\build\intermediates\transforms\desugar\debug\17.jar --input C:\Users\PC\git\HttpTest\app\build\intermediates\transforms\stackFramesFixer\debug\25.jar --output C:\Users\PC\git\HttpTest\app\build\intermediates\transforms\desugar\debug\26.jar --input C:\Users\PC\git\HttpTest\app\build\intermediates\transforms\stackFramesFixer\debug\26.jar --output C:\Users\PC\git\HttpTest\app\build\intermediates\transforms\desugar\debug\27.jar --input C:\Users\PC\git\HttpTest\app\build\intermediates\transforms\stackFramesFixer\debug\4.jar --output C:\Users\PC\git\HttpTest\app\build\intermediates\transforms\desugar\debug\5.jar --classpath_entry C:\Users\PC\git\HttpTest\app\build\intermediates\classes\debug --classpath_entry C:\Users\PC\git\HttpTest\app\build\intermediates\transforms\stackFramesFixer\debug\0.jar --classpath_entry C:\Users\PC\git\HttpTest\app\build\intermediates\transforms\stackFramesFixer\debug\1.jar --classpath_entry C:\Users\PC\git\HttpTest\app\build\intermediates\transforms\stackFramesFixer\debug\2.jar --classpath_entry C:\Users\PC\git\Htt
java_class_path (initial): C:\Users\PC\AppData\Local\Temp\desugar_deploy.jar1873233598249578448
Launcher Type: SUN_STANDARD

Environment Variables:
JAVA_HOME=C:\Program Files\Java\jdk1.8.0_171
PATH=C:\Windows\system32;C:\Windows;C:\Windows\System32\Wbem;C:\Windows\System32\WindowsPowerShell\v1.0\;C:\Program Files (x86)\NVIDIA Corporation\PhysX\Common;C:\Program Files\Git\cmd;C:\Program Files\Java\jdk1.8.0_171\bin;C:\ProgramData\chocolatey\bin;C:\Program Files (x86)\PuTTY\;C:\Users\PC\AppData\Local\Microsoft\WindowsApps;C:\Users\PC\AppData\Local\atom\bin
USERNAME=PC
OS=Windows_NT
PROCESSOR_IDENTIFIER=Intel64 Family 6 Model 158 Stepping 9, GenuineIntel



---------------  S Y S T E M  ---------------

OS: Windows 10.0 , 64 bit Build 16299 (10.0.16299.431)

CPU:total 4 (initial active 4) (4 cores per cpu, 1 threads per core) family 6 model 158 stepping 9, cmov, cx8, fxsr, mmx, sse, sse2, sse3, ssse3, sse4.1, sse4.2, popcnt, avx, avx2, aes, clmul, erms, rtm, 3dnowpref, lzcnt, tsc, tscinvbit, bmi1, bmi2, adx

Memory: 4k page, physical 8352828k(1169632k free), swap 11730488k(2192k free)

vm_info: OpenJDK 64-Bit Server VM (25.152-b01) for windows-amd64 JRE (1.8.0_152-release-915-b01), built by "builder" with MS VC++ 10.0 (VS2010)

time: Mon Oct 15 12:35:32 2018
elapsed time: 2 seconds (0d 0h 0m 2s)

