#
# There is insufficient memory for the Java Runtime Environment to continue.
# Native memory allocation (malloc) failed to allocate 69056 bytes for Chunk::new
# Possible reasons:
#   The system is out of physical RAM or swap space
#   In 32 bit mode, the process size limit was hit
# Possible solutions:
#   Reduce memory load on the system
#   Increase physical memory or swap space
#   Check if swap backing store is full
#   Use 64 bit Java on a 64 bit OS
#   Decrease Java heap size (-Xmx/-Xms)
#   Decrease number of Java threads
#   Decrease Java thread stack sizes (-Xss)
#   Set larger code cache with -XX:ReservedCodeCacheSize=
# This output file may be truncated or incomplete.
#
#  Out of Memory Error (allocation.cpp:390), pid=5648, tid=0x0000000000002d2c
#
# JRE version: OpenJDK Runtime Environment (8.0_152-b01) (build 1.8.0_152-release-915-b01)
# Java VM: OpenJDK 64-Bit Server VM (25.152-b01 mixed mode windows-amd64 compressed oops)
# Failed to write core dump. Minidumps are not enabled by default on client versions of Windows
#

---------------  T H R E A D  ---------------

Current thread (0x00000000155bf800):  JavaThread "C2 CompilerThread0" daemon [_thread_in_native, id=11564, stack(0x0000000016c20000,0x0000000016d20000)]

Stack: [0x0000000016c20000,0x0000000016d20000]
[error occurred during error reporting (printing stack bounds), id 0xc0000005]

Native frames: (J=compiled Java code, j=interpreted, Vv=VM code, C=native code)


Current CompileTask:
C2:   1685  738       4       org.objectweb.asm.ByteVector::putUTF8 (142 bytes)


---------------  P R O C E S S  ---------------

Java Threads: ( => current thread )
  0x0000000016f23800 JavaThread "Service Thread" daemon [_thread_blocked, id=7844, stack(0x0000000017320000,0x0000000017420000)]
  0x000000001561c000 JavaThread "C1 CompilerThread2" daemon [_thread_blocked, id=3204, stack(0x0000000016e20000,0x0000000016f20000)]
  0x00000000155c3000 JavaThread "C2 CompilerThread1" daemon [_thread_blocked, id=12224, stack(0x0000000016d20000,0x0000000016e20000)]
=>0x00000000155bf800 JavaThread "C2 CompilerThread0" daemon [_thread_in_native, id=11564, stack(0x0000000016c20000,0x0000000016d20000)]
  0x00000000155be800 JavaThread "Attach Listener" daemon [_thread_blocked, id=8236, stack(0x0000000016b20000,0x0000000016c20000)]
  0x00000000155bd000 JavaThread "Signal Dispatcher" daemon [_thread_blocked, id=5068, stack(0x0000000016a20000,0x0000000016b20000)]
  0x00000000051c8800 JavaThread "Finalizer" daemon [_thread_blocked, id=6964, stack(0x0000000016810000,0x0000000016910000)]
  0x00000000051c3000 JavaThread "Reference Handler" daemon [_thread_blocked, id=996, stack(0x0000000016710000,0x0000000016810000)]
  0x00000000050d3800 JavaThread "main" [_thread_in_Java, id=7368, stack(0x0000000004fd0000,0x00000000050d0000)]

Other Threads:
  0x0000000015585800 VMThread [stack: 0x0000000016610000,0x0000000016710000] [id=10500]
  0x0000000016f25800 WatcherThread [stack: 0x0000000017420000,0x0000000017520000] [id=8624]

VM state:not at safepoint (normal execution)

VM Mutex/Monitor currently owned by a thread: None

Heap:
 PSYoungGen      total 18944K, used 13381K [0x00000000feb00000, 0x0000000100000000, 0x0000000100000000)
  eden space 16384K, 66% used [0x00000000feb00000,0x00000000ff599560,0x00000000ffb00000)
  from space 2560K, 98% used [0x00000000ffb00000,0x00000000ffd78030,0x00000000ffd80000)
  to   space 2560K, 0% used [0x00000000ffd80000,0x00000000ffd80000,0x0000000100000000)
 ParOldGen       total 44032K, used 1580K [0x00000000fc000000, 0x00000000feb00000, 0x00000000feb00000)
  object space 44032K, 3% used [0x00000000fc000000,0x00000000fc18b058,0x00000000feb00000)
 Metaspace       used 7381K, capacity 7592K, committed 7680K, reserved 1056768K
  class space    used 867K, capacity 956K, committed 1024K, reserved 1048576K

Card table byte_map: [0x00000000145a0000,0x00000000145d0000] byte_map_base: 0x0000000013dc0000

Marking Bits: (ParMarkBitMap*) 0x0000000070e93950
 Begin Bits: [0x00000000149f0000, 0x0000000014af0000)
 End Bits:   [0x0000000014af0000, 0x0000000014bf0000)

Polling page: 0x0000000004f70000

CodeCache: size=245760Kb used=2947Kb max_used=2947Kb free=242812Kb
 bounds [0x00000000051e0000, 0x00000000054d0000, 0x00000000141e0000]
 total_blobs=1070 nmethods=739 adapters=245
 compilation: enabled

Compilation events (10 events):
Event: 1.665 Thread 0x000000001561c000  728       1       com.google.devtools.build.android.desugar.LambdaDesugaring::access$000 (5 bytes)
Event: 1.665 Thread 0x000000001561c000 nmethod 728 0x0000000005494550 code [0x00000000054946a0, 0x0000000005494790]
Event: 1.665 Thread 0x000000001561c000  729       1       org.objectweb.asm.tree.InsnList::size (5 bytes)
Event: 1.665 Thread 0x000000001561c000 nmethod 729 0x0000000005494810 code [0x0000000005494960, 0x0000000005494a70]
Event: 1.666 Thread 0x00000000155bf800 nmethod 731 0x00000000054977d0 code [0x0000000005497900, 0x00000000054979f8]
Event: 1.666 Thread 0x000000001561c000  732       3       org.objectweb.asm.ClassVisitor::visitInnerClass (20 bytes)
Event: 1.666 Thread 0x000000001561c000 nmethod 732 0x0000000005497310 code [0x0000000005497480, 0x00000000054976e8]
Event: 1.666 Thread 0x000000001561c000  733       3       org.objectweb.asm.ClassReader::a (3587 bytes)
Event: 1.671 Thread 0x00000000155c3000 nmethod 730 0x0000000005495450 code [0x00000000054955a0, 0x0000000005495ab8]
Event: 1.678 Thread 0x00000000155bf800  738       4       org.objectweb.asm.ByteVector::putUTF8 (142 bytes)

GC Heap History (2 events):
Event: 1.271 GC heap before
{Heap before GC invocations=1 (full 0):
 PSYoungGen      total 18944K, used 16384K [0x00000000feb00000, 0x0000000100000000, 0x0000000100000000)
  eden space 16384K, 100% used [0x00000000feb00000,0x00000000ffb00000,0x00000000ffb00000)
  from space 2560K, 0% used [0x00000000ffd80000,0x00000000ffd80000,0x0000000100000000)
  to   space 2560K, 0% used [0x00000000ffb00000,0x00000000ffb00000,0x00000000ffd80000)
 ParOldGen       total 44032K, used 0K [0x00000000fc000000, 0x00000000feb00000, 0x00000000feb00000)
  object space 44032K, 0% used [0x00000000fc000000,0x00000000fc000000,0x00000000feb00000)
 Metaspace       used 6516K, capacity 6682K, committed 6784K, reserved 1056768K
  class space    used 769K, capacity 823K, committed 896K, reserved 1048576K
Event: 1.276 GC heap after
Heap after GC invocations=1 (full 0):
 PSYoungGen      total 18944K, used 2528K [0x00000000feb00000, 0x0000000100000000, 0x0000000100000000)
  eden space 16384K, 0% used [0x00000000feb00000,0x00000000feb00000,0x00000000ffb00000)
  from space 2560K, 98% used [0x00000000ffb00000,0x00000000ffd78030,0x00000000ffd80000)
  to   space 2560K, 0% used [0x00000000ffd80000,0x00000000ffd80000,0x0000000100000000)
 ParOldGen       total 44032K, used 1580K [0x00000000fc000000, 0x00000000feb00000, 0x00000000feb00000)
  object space 44032K, 3% used [0x00000000fc000000,0x00000000fc18b058,0x00000000feb00000)
 Metaspace       used 6516K, capacity 6682K, committed 6784K, reserved 1056768K
  class space    used 769K, capacity 823K, committed 896K, reserved 1048576K
}

Deoptimization events (10 events):
Event: 1.232 Thread 0x00000000050d3800 Uncommon trap: reason=unstable_if action=reinterpret pc=0x00000000053fcb2c method=java.util.zip.ZipFile$ZipEntryIterator.hasNext()Z @ 25
Event: 1.233 Thread 0x00000000050d3800 Uncommon trap: reason=unstable_if action=reinterpret pc=0x00000000054089a8 method=java.util.zip.ZipCoder.decoder()Ljava/nio/charset/CharsetDecoder; @ 4
Event: 1.233 Thread 0x00000000050d3800 Uncommon trap: reason=unstable_if action=reinterpret pc=0x00000000053fddd8 method=java.util.zip.ZipEntry.setExtra0([BZ)V @ 1
Event: 1.244 Thread 0x00000000050d3800 Uncommon trap: reason=unstable_if action=reinterpret pc=0x0000000005402e5c method=java.util.zip.ZipFile$ZipEntryIterator.hasNext()Z @ 25
Event: 1.244 Thread 0x00000000050d3800 Uncommon trap: reason=unstable_if action=reinterpret pc=0x000000000540623c method=java.util.zip.ZipCoder.decoder()Ljava/nio/charset/CharsetDecoder; @ 4
Event: 1.245 Thread 0x00000000050d3800 Uncommon trap: reason=unstable_if action=reinterpret pc=0x000000000540d54c method=java.util.zip.ZipCoder.decoder()Ljava/nio/charset/CharsetDecoder; @ 4
Event: 1.301 Thread 0x00000000050d3800 Uncommon trap: reason=unstable_if action=reinterpret pc=0x000000000540b40c method=java.util.zip.ZipCoder.decoder()Ljava/nio/charset/CharsetDecoder; @ 4
Event: 1.307 Thread 0x00000000050d3800 Uncommon trap: reason=unstable_if action=reinterpret pc=0x00000000053feba0 method=java.util.zip.ZipCoder.decoder()Ljava/nio/charset/CharsetDecoder; @ 4
Event: 1.307 Thread 0x00000000050d3800 Uncommon trap: reason=unstable_if action=reinterpret pc=0x00000000053fd570 method=java.util.zip.ZipCoder.decoder()Ljava/nio/charset/CharsetDecoder; @ 4
Event: 1.415 Thread 0x00000000050d3800 Uncommon trap: reason=unloaded action=reinterpret pc=0x00000000054117fc method=java.util.zip.ZipEntry.setExtra0([BZ)V @ 37

Classes redefined (0 events):
No events

Internal exceptions (10 events):
Event: 1.307 Thread 0x00000000050d3800 Implicit null exception at 0x00000000053fd0f8 to 0x00000000053fd555
Event: 1.347 Thread 0x00000000050d3800 Exception <a 'sun/nio/fs/WindowsException'> (0x00000000ff157c20) thrown at [D:\src\AOSP-openjdk-cygwin\jdk8u\hotspot\src\share\vm\prims\jni.cpp, line 709]
Event: 1.347 Thread 0x00000000050d3800 Exception <a 'sun/nio/fs/WindowsException'> (0x00000000ff1581e0) thrown at [D:\src\AOSP-openjdk-cygwin\jdk8u\hotspot\src\share\vm\prims\jni.cpp, line 709]
Event: 1.347 Thread 0x00000000050d3800 Exception <a 'sun/nio/fs/WindowsException'> (0x00000000ff158798) thrown at [D:\src\AOSP-openjdk-cygwin\jdk8u\hotspot\src\share\vm\prims\jni.cpp, line 709]
Event: 1.347 Thread 0x00000000050d3800 Exception <a 'sun/nio/fs/WindowsException'> (0x00000000ff158f58) thrown at [D:\src\AOSP-openjdk-cygwin\jdk8u\hotspot\src\share\vm\prims\jni.cpp, line 709]
Event: 1.347 Thread 0x00000000050d3800 Exception <a 'sun/nio/fs/WindowsException'> (0x00000000ff1594e8) thrown at [D:\src\AOSP-openjdk-cygwin\jdk8u\hotspot\src\share\vm\prims\jni.cpp, line 709]
Event: 1.347 Thread 0x00000000050d3800 Exception <a 'sun/nio/fs/WindowsException'> (0x00000000ff159c98) thrown at [D:\src\AOSP-openjdk-cygwin\jdk8u\hotspot\src\share\vm\prims\jni.cpp, line 709]
Event: 1.350 Thread 0x00000000050d3800 Exception <a 'sun/nio/fs/WindowsException'> (0x00000000ff15efc0) thrown at [D:\src\AOSP-openjdk-cygwin\jdk8u\hotspot\src\share\vm\prims\jni.cpp, line 709]
Event: 1.425 Thread 0x00000000050d3800 Exception <a 'sun/nio/fs/WindowsException'> (0x00000000ff35d010) thrown at [D:\src\AOSP-openjdk-cygwin\jdk8u\hotspot\src\share\vm\prims\jni.cpp, line 709]
Event: 1.425 Thread 0x00000000050d3800 Exception <a 'sun/nio/fs/WindowsException'> (0x00000000ff35d588) thrown at [D:\src\AOSP-openjdk-cygwin\jdk8u\hotspot\src\share\vm\prims\jni.cpp, line 709]

Events (10 events):
Event: 1.610 loading class org/objectweb/asm/tree/LocalVariableNode
Event: 1.610 loading class org/objectweb/asm/tree/LocalVariableNode done
Event: 1.611 loading class org/objectweb/asm/Edge
Event: 1.611 loading class org/objectweb/asm/Edge done
Event: 1.654 loading class org/objectweb/asm/Opcodes
Event: 1.654 loading class org/objectweb/asm/Opcodes done
Event: 1.676 loading class org/objectweb/asm/tree/TryCatchBlockNode
Event: 1.676 loading class org/objectweb/asm/tree/TryCatchBlockNode done
Event: 1.677 loading class org/objectweb/asm/Handler
Event: 1.677 loading class org/objectweb/asm/Handler done


Dynamic libraries:
0x00007ff777810000 - 0x00007ff777841000 	C:\Program Files\Android\Android Studio\jre\bin\java.exe
0x00007fff10cc0000 - 0x00007fff10ea0000 	C:\Windows\SYSTEM32\ntdll.dll
0x00007fff0ec90000 - 0x00007fff0ed3e000 	C:\Windows\System32\KERNEL32.DLL
0x00007fff0dda0000 - 0x00007fff0e006000 	C:\Windows\System32\KERNELBASE.dll
0x00007fff0ed40000 - 0x00007fff0ede1000 	C:\Windows\System32\ADVAPI32.dll
0x00007fff0ebf0000 - 0x00007fff0ec8d000 	C:\Windows\System32\msvcrt.dll
0x00007fff10a60000 - 0x00007fff10abb000 	C:\Windows\System32\sechost.dll
0x00007fff10890000 - 0x00007fff109af000 	C:\Windows\System32\RPCRT4.dll
0x00007fff0ea60000 - 0x00007fff0ebef000 	C:\Windows\System32\USER32.dll
0x00007fff0dbe0000 - 0x00007fff0dc00000 	C:\Windows\System32\win32u.dll
0x00007fff107c0000 - 0x00007fff107e8000 	C:\Windows\System32\GDI32.dll
0x00007fff0d810000 - 0x00007fff0d9a3000 	C:\Windows\System32\gdi32full.dll
0x00007fff0dd00000 - 0x00007fff0dd9b000 	C:\Windows\System32\msvcp_win.dll
0x00007fff0dc00000 - 0x00007fff0dcf5000 	C:\Windows\System32\ucrtbase.dll
0x00007fff04d80000 - 0x00007fff04fe9000 	C:\Windows\WinSxS\amd64_microsoft.windows.common-controls_6595b64144ccf1df_6.0.16299.611_none_15c7d8029365981f\COMCTL32.dll
0x00007fff0e750000 - 0x00007fff0ea57000 	C:\Windows\System32\combase.dll
0x00007fff0e110000 - 0x00007fff0e182000 	C:\Windows\System32\bcryptPrimitives.dll
0x00007fff109b0000 - 0x00007fff109dd000 	C:\Windows\System32\IMM32.DLL
0x00000000705f0000 - 0x00000000706c2000 	C:\Program Files\Android\Android Studio\jre\jre\bin\msvcr100.dll
0x00000000706d0000 - 0x0000000070f0e000 	C:\Program Files\Android\Android Studio\jre\jre\bin\server\jvm.dll
0x00007fff0e740000 - 0x00007fff0e748000 	C:\Windows\System32\PSAPI.DLL
0x00007fff09440000 - 0x00007fff09449000 	C:\Windows\SYSTEM32\WSOCK32.dll
0x00007fff106d0000 - 0x00007fff1073c000 	C:\Windows\System32\WS2_32.dll
0x00007fff0b3a0000 - 0x00007fff0b3c3000 	C:\Windows\SYSTEM32\WINMM.dll
0x00007fff064d0000 - 0x00007fff064da000 	C:\Windows\SYSTEM32\VERSION.dll
0x00007fff0b370000 - 0x00007fff0b39a000 	C:\Windows\SYSTEM32\WINMMBASE.dll
0x00007fff0e010000 - 0x00007fff0e05a000 	C:\Windows\System32\cfgmgr32.dll
0x00007fff09fd0000 - 0x00007fff09fdf000 	C:\Program Files\Android\Android Studio\jre\jre\bin\verify.dll
0x00007fff07fb0000 - 0x00007fff07fd9000 	C:\Program Files\Android\Android Studio\jre\jre\bin\java.dll
0x00007fff04600000 - 0x00007fff04616000 	C:\Program Files\Android\Android Studio\jre\jre\bin\zip.dll
0x00007fff0f290000 - 0x00007fff106c8000 	C:\Windows\System32\SHELL32.dll
0x00007fff0f060000 - 0x00007fff0f106000 	C:\Windows\System32\shcore.dll
0x00007fff0d0c0000 - 0x00007fff0d807000 	C:\Windows\System32\windows.storage.dll
0x00007fff10a00000 - 0x00007fff10a51000 	C:\Windows\System32\shlwapi.dll
0x00007fff0d0a0000 - 0x00007fff0d0b1000 	C:\Windows\System32\kernel.appcore.dll
0x00007fff0d030000 - 0x00007fff0d07c000 	C:\Windows\System32\powrprof.dll
0x00007fff0d010000 - 0x00007fff0d02b000 	C:\Windows\System32\profapi.dll
0x00007fff0ca00000 - 0x00007fff0ca17000 	C:\Windows\SYSTEM32\CRYPTSP.dll
0x00007fff0c440000 - 0x00007fff0c473000 	C:\Windows\system32\rsaenh.dll
0x00007fff0cb70000 - 0x00007fff0cb95000 	C:\Windows\SYSTEM32\bcrypt.dll
0x00007fff0cf40000 - 0x00007fff0cf69000 	C:\Windows\SYSTEM32\USERENV.dll
0x00007fff0ca20000 - 0x00007fff0ca2b000 	C:\Windows\SYSTEM32\CRYPTBASE.dll
0x00007ffefe160000 - 0x00007ffefe17a000 	C:\Program Files\Android\Android Studio\jre\jre\bin\net.dll
0x00007fff0c840000 - 0x00007fff0c8a6000 	C:\Windows\system32\mswsock.dll
0x00007fff0c5d0000 - 0x00007fff0c609000 	C:\Windows\SYSTEM32\IPHLPAPI.DLL
0x00007fff0e2e0000 - 0x00007fff0e2e8000 	C:\Windows\System32\NSI.dll
0x00007fff08fd0000 - 0x00007fff08fe6000 	C:\Windows\SYSTEM32\dhcpcsvc6.DLL
0x00007fff08f60000 - 0x00007fff08f7a000 	C:\Windows\SYSTEM32\dhcpcsvc.DLL
0x00007ffefb9c0000 - 0x00007ffefb9d1000 	C:\Program Files\Android\Android Studio\jre\jre\bin\nio.dll

VM Arguments:
jvm_args: -Djava.awt.headless=true -Xmx64M -Dfile.encoding=windows-1251 -Duser.country=RU -Duser.language=ru -Duser.variant 
java_command: com.google.devtools.build.android.desugar.Desugar --input C:\Users\PC\git\HttpTest\app\build\intermediates\transforms\stackFramesFixer\debug\3.jar --output C:\Users\PC\git\HttpTest\app\build\intermediates\transforms\desugar\debug\4.jar --input C:\Users\PC\git\HttpTest\app\build\intermediates\classes\debug --output C:\Users\PC\git\HttpTest\app\build\intermediates\transforms\desugar\debug\0 --input C:\Users\PC\git\HttpTest\app\build\intermediates\transforms\stackFramesFixer\debug\12.jar --output C:\Users\PC\git\HttpTest\app\build\intermediates\transforms\desugar\debug\13.jar --input C:\Users\PC\git\HttpTest\app\build\intermediates\transforms\stackFramesFixer\debug\0.jar --output C:\Users\PC\git\HttpTest\app\build\intermediates\transforms\desugar\debug\1.jar --input C:\Users\PC\git\HttpTest\app\build\intermediates\transforms\stackFramesFixer\debug\1.jar --output C:\Users\PC\git\HttpTest\app\build\intermediates\transforms\desugar\debug\2.jar --input C:\Users\PC\git\HttpTest\app\build\intermediates\transforms\stackFramesFixer\debug\18.jar --output C:\Users\PC\git\HttpTest\app\build\intermediates\transforms\desugar\debug\19.jar --classpath_entry C:\Users\PC\git\HttpTest\app\build\intermediates\classes\debug --classpath_entry C:\Users\PC\git\HttpTest\app\build\intermediates\transforms\stackFramesFixer\debug\0.jar --classpath_entry C:\Users\PC\git\HttpTest\app\build\intermediates\transforms\stackFramesFixer\debug\1.jar --classpath_entry C:\Users\PC\git\HttpTest\app\build\intermediates\transforms\stackFramesFixer\debug\2.jar --classpath_entry C:\Users\PC\git\HttpTest\app\build\intermediates\transforms\stackFramesFixer\debug\3.jar --classpath_entry C:\Users\PC\git\HttpTest\app\build\intermediates\transforms\stackFramesFixer\debug\4.jar --classpath_entry C:\Users\PC\git\HttpTest\app\build\intermediates\transforms\stackFramesFixer\debug\5.jar --classpath_entry C:\Users\PC\git\HttpTest\app\build\intermediates\transforms\stackFramesFixer\debug\6.jar --classpath_en
java_class_path (initial): C:\Users\PC\AppData\Local\Temp\desugar_deploy.jar3166898222981576097
Launcher Type: SUN_STANDARD

Environment Variables:
JAVA_HOME=C:\Program Files\Java\jdk1.8.0_171
PATH=C:\Windows\system32;C:\Windows;C:\Windows\System32\Wbem;C:\Windows\System32\WindowsPowerShell\v1.0\;C:\Program Files (x86)\NVIDIA Corporation\PhysX\Common;C:\Program Files\Git\cmd;C:\Program Files\Java\jdk1.8.0_171\bin;C:\ProgramData\chocolatey\bin;C:\Program Files (x86)\PuTTY\;C:\Users\PC\AppData\Local\Microsoft\WindowsApps;C:\Users\PC\AppData\Local\atom\bin
USERNAME=PC
OS=Windows_NT
PROCESSOR_IDENTIFIER=Intel64 Family 6 Model 158 Stepping 9, GenuineIntel



---------------  S Y S T E M  ---------------

OS: Windows 10.0 , 64 bit Build 16299 (10.0.16299.431)

CPU:total 4 (initial active 4) (4 cores per cpu, 1 threads per core) family 6 model 158 stepping 9, cmov, cx8, fxsr, mmx, sse, sse2, sse3, ssse3, sse4.1, sse4.2, popcnt, avx, avx2, aes, clmul, erms, rtm, 3dnowpref, lzcnt, tsc, tscinvbit, bmi1, bmi2, adx

Memory: 4k page, physical 8352828k(1209508k free), swap 10733660k(1292k free)

vm_info: OpenJDK 64-Bit Server VM (25.152-b01) for windows-amd64 JRE (1.8.0_152-release-915-b01), built by "builder" with MS VC++ 10.0 (VS2010)

time: Mon Sep 17 15:18:19 2018
elapsed time: 1 seconds (0d 0h 0m 1s)

