#
# There is insufficient memory for the Java Runtime Environment to continue.
# Native memory allocation (malloc) failed to allocate 131088 bytes for Chunk::new
# Possible reasons:
#   The system is out of physical RAM or swap space
#   In 32 bit mode, the process size limit was hit
# Possible solutions:
#   Reduce memory load on the system
#   Increase physical memory or swap space
#   Check if swap backing store is full
#   Use 64 bit Java on a 64 bit OS
#   Decrease Java heap size (-Xmx/-Xms)
#   Decrease number of Java threads
#   Decrease Java thread stack sizes (-Xss)
#   Set larger code cache with -XX:ReservedCodeCacheSize=
# This output file may be truncated or incomplete.
#
#  Out of Memory Error (allocation.cpp:390), pid=4880, tid=0x0000000000000350
#
# JRE version: OpenJDK Runtime Environment (8.0_152-b01) (build 1.8.0_152-release-915-b01)
# Java VM: OpenJDK 64-Bit Server VM (25.152-b01 mixed mode windows-amd64 compressed oops)
# Failed to write core dump. Minidumps are not enabled by default on client versions of Windows
#

---------------  T H R E A D  ---------------

Current thread (0x0000000015215000):  JavaThread "C2 CompilerThread1" daemon [_thread_in_native, id=848, stack(0x0000000016970000,0x0000000016a70000)]

Stack: [0x0000000016970000,0x0000000016a70000]
[error occurred during error reporting (printing stack bounds), id 0xc0000005]

Native frames: (J=compiled Java code, j=interpreted, Vv=VM code, C=native code)


Current CompileTask:
C2:   1716  849 %     4       org.objectweb.asm.ClassReader::a @ 1360 (3587 bytes)


---------------  P R O C E S S  ---------------

Java Threads: ( => current thread )
  0x0000000016a77800 JavaThread "Service Thread" daemon [_thread_blocked, id=6236, stack(0x0000000016f70000,0x0000000017070000)]
  0x000000001526e800 JavaThread "C1 CompilerThread2" daemon [_thread_blocked, id=10632, stack(0x0000000016e70000,0x0000000016f70000)]
=>0x0000000015215000 JavaThread "C2 CompilerThread1" daemon [_thread_in_native, id=848, stack(0x0000000016970000,0x0000000016a70000)]
  0x0000000015211800 JavaThread "C2 CompilerThread0" daemon [_thread_blocked, id=2644, stack(0x0000000016870000,0x0000000016970000)]
  0x0000000015210800 JavaThread "Attach Listener" daemon [_thread_blocked, id=8156, stack(0x0000000016770000,0x0000000016870000)]
  0x000000001520f000 JavaThread "Signal Dispatcher" daemon [_thread_blocked, id=11436, stack(0x0000000016670000,0x0000000016770000)]
  0x0000000004ea8800 JavaThread "Finalizer" daemon [_thread_blocked, id=6120, stack(0x0000000016470000,0x0000000016570000)]
  0x0000000004ea3000 JavaThread "Reference Handler" daemon [_thread_blocked, id=12096, stack(0x0000000016370000,0x0000000016470000)]
  0x0000000004db3800 JavaThread "main" [_thread_in_vm, id=7096, stack(0x0000000004c30000,0x0000000004d30000)]

Other Threads:
  0x00000000151d5800 VMThread [stack: 0x0000000016270000,0x0000000016370000] [id=11008]
  0x0000000016a79800 WatcherThread [stack: 0x0000000017070000,0x0000000017170000] [id=4356]

VM state:not at safepoint (normal execution)

VM Mutex/Monitor currently owned by a thread: None

Heap:
 PSYoungGen      total 18944K, used 16579K [0x00000000feb00000, 0x0000000100000000, 0x0000000100000000)
  eden space 16384K, 85% used [0x00000000feb00000,0x00000000ff8b8c10,0x00000000ffb00000)
  from space 2560K, 98% used [0x00000000ffb00000,0x00000000ffd78030,0x00000000ffd80000)
  to   space 2560K, 0% used [0x00000000ffd80000,0x00000000ffd80000,0x0000000100000000)
 ParOldGen       total 44032K, used 1574K [0x00000000fc000000, 0x00000000feb00000, 0x00000000feb00000)
  object space 44032K, 3% used [0x00000000fc000000,0x00000000fc189a40,0x00000000feb00000)
 Metaspace       used 7476K, capacity 7644K, committed 7936K, reserved 1056768K
  class space    used 868K, capacity 956K, committed 1024K, reserved 1048576K

Card table byte_map: [0x0000000004d30000,0x0000000004d60000] byte_map_base: 0x0000000004550000

Marking Bits: (ParMarkBitMap*) 0x0000000070e93950
 Begin Bits: [0x0000000014670000, 0x0000000014770000)
 End Bits:   [0x0000000014770000, 0x0000000014870000)

Polling page: 0x0000000003400000

CodeCache: size=245760Kb used=3297Kb max_used=3309Kb free=242462Kb
 bounds [0x0000000004eb0000, 0x00000000051f0000, 0x0000000013eb0000]
 total_blobs=1184 nmethods=853 adapters=245
 compilation: enabled

Compilation events (10 events):
Event: 1.607 Thread 0x0000000015211800 nmethod 851 0x00000000051e21d0 code [0x00000000051e2320, 0x00000000051e2418]
Event: 1.607 Thread 0x000000001526e800 nmethod 844 0x00000000051e79d0 code [0x00000000051e7b40, 0x00000000051e7db0]
Event: 1.607 Thread 0x000000001526e800  848       1       sun.util.calendar.CalendarDate::getYear (5 bytes)
Event: 1.607 Thread 0x000000001526e800 nmethod 848 0x00000000051ebad0 code [0x00000000051ebc20, 0x00000000051ebd30]
Event: 1.607 Thread 0x0000000015211800  852       4       org.objectweb.asm.ByteVector::b (64 bytes)
Event: 1.608 Thread 0x0000000015211800 nmethod 852 0x00000000051ea190 code [0x00000000051ea2e0, 0x00000000051ea488]
Event: 1.609 Thread 0x000000001526e800  853       3       java.util.zip.ZipOutputStream::writeInt (69 bytes)
Event: 1.609 Thread 0x000000001526e800 nmethod 853 0x00000000051e9a10 code [0x00000000051e9ba0, 0x00000000051ea078]
Event: 1.609 Thread 0x0000000015211800  854  s    4       java.io.BufferedOutputStream::write (35 bytes)
Event: 1.611 Thread 0x0000000015211800 nmethod 854 0x00000000051e9410 code [0x00000000051e9560, 0x00000000051e98c8]

GC Heap History (2 events):
Event: 1.130 GC heap before
{Heap before GC invocations=1 (full 0):
 PSYoungGen      total 18944K, used 16384K [0x00000000feb00000, 0x0000000100000000, 0x0000000100000000)
  eden space 16384K, 100% used [0x00000000feb00000,0x00000000ffb00000,0x00000000ffb00000)
  from space 2560K, 0% used [0x00000000ffd80000,0x00000000ffd80000,0x0000000100000000)
  to   space 2560K, 0% used [0x00000000ffb00000,0x00000000ffb00000,0x00000000ffd80000)
 ParOldGen       total 44032K, used 0K [0x00000000fc000000, 0x00000000feb00000, 0x00000000feb00000)
  object space 44032K, 0% used [0x00000000fc000000,0x00000000fc000000,0x00000000feb00000)
 Metaspace       used 6508K, capacity 6670K, committed 6784K, reserved 1056768K
  class space    used 768K, capacity 823K, committed 896K, reserved 1048576K
Event: 1.161 GC heap after
Heap after GC invocations=1 (full 0):
 PSYoungGen      total 18944K, used 2528K [0x00000000feb00000, 0x0000000100000000, 0x0000000100000000)
  eden space 16384K, 0% used [0x00000000feb00000,0x00000000feb00000,0x00000000ffb00000)
  from space 2560K, 98% used [0x00000000ffb00000,0x00000000ffd78030,0x00000000ffd80000)
  to   space 2560K, 0% used [0x00000000ffd80000,0x00000000ffd80000,0x0000000100000000)
 ParOldGen       total 44032K, used 1574K [0x00000000fc000000, 0x00000000feb00000, 0x00000000feb00000)
  object space 44032K, 3% used [0x00000000fc000000,0x00000000fc189a40,0x00000000feb00000)
 Metaspace       used 6508K, capacity 6670K, committed 6784K, reserved 1056768K
  class space    used 768K, capacity 823K, committed 896K, reserved 1048576K
}

Deoptimization events (10 events):
Event: 1.113 Thread 0x0000000004db3800 Uncommon trap: reason=unstable_if action=reinterpret pc=0x00000000050a91d8 method=java.util.zip.ZipEntry.setExtra0([BZ)V @ 1
Event: 1.116 Thread 0x0000000004db3800 Uncommon trap: reason=unstable_if action=reinterpret pc=0x00000000050c25c8 method=java.util.zip.ZipFile$ZipEntryIterator.hasNext()Z @ 25
Event: 1.116 Thread 0x0000000004db3800 Uncommon trap: reason=unstable_if action=reinterpret pc=0x00000000050d054c method=java.util.zip.ZipCoder.decoder()Ljava/nio/charset/CharsetDecoder; @ 4
Event: 1.117 Thread 0x0000000004db3800 Uncommon trap: reason=unstable_if action=reinterpret pc=0x00000000050c805c method=java.util.zip.ZipFile$ZipEntryIterator.hasNext()Z @ 25
Event: 1.118 Thread 0x0000000004db3800 Uncommon trap: reason=unstable_if action=reinterpret pc=0x00000000050c5aa0 method=java.util.zip.ZipCoder.decoder()Ljava/nio/charset/CharsetDecoder; @ 4
Event: 1.177 Thread 0x0000000004db3800 Uncommon trap: reason=unstable_if action=reinterpret pc=0x00000000050d2e0c method=java.util.zip.ZipCoder.decoder()Ljava/nio/charset/CharsetDecoder; @ 4
Event: 1.179 Thread 0x0000000004db3800 Uncommon trap: reason=unstable_if action=reinterpret pc=0x00000000050c2f30 method=java.util.zip.ZipCoder.decoder()Ljava/nio/charset/CharsetDecoder; @ 4
Event: 1.189 Thread 0x0000000004db3800 Uncommon trap: reason=unstable_if action=reinterpret pc=0x00000000050e06c8 method=java.util.HashMap$HashIterator.nextNode()Ljava/util/HashMap$Node; @ 74
Event: 1.310 Thread 0x0000000004db3800 Uncommon trap: reason=unstable_if action=reinterpret pc=0x00000000050e7d88 method=java.util.HashMap$HashIterator.nextNode()Ljava/util/HashMap$Node; @ 74
Event: 1.388 Thread 0x0000000004db3800 Uncommon trap: reason=unloaded action=reinterpret pc=0x00000000050d1f3c method=java.util.zip.ZipEntry.setExtra0([BZ)V @ 37

Classes redefined (0 events):
No events

Internal exceptions (10 events):
Event: 1.249 Thread 0x0000000004db3800 Exception <a 'sun/nio/fs/WindowsException'> (0x00000000ff154778) thrown at [D:\src\AOSP-openjdk-cygwin\jdk8u\hotspot\src\share\vm\prims\jni.cpp, line 709]
Event: 1.249 Thread 0x0000000004db3800 Exception <a 'sun/nio/fs/WindowsException'> (0x00000000ff154d30) thrown at [D:\src\AOSP-openjdk-cygwin\jdk8u\hotspot\src\share\vm\prims\jni.cpp, line 709]
Event: 1.249 Thread 0x0000000004db3800 Exception <a 'sun/nio/fs/WindowsException'> (0x00000000ff1554f0) thrown at [D:\src\AOSP-openjdk-cygwin\jdk8u\hotspot\src\share\vm\prims\jni.cpp, line 709]
Event: 1.249 Thread 0x0000000004db3800 Exception <a 'sun/nio/fs/WindowsException'> (0x00000000ff155a80) thrown at [D:\src\AOSP-openjdk-cygwin\jdk8u\hotspot\src\share\vm\prims\jni.cpp, line 709]
Event: 1.250 Thread 0x0000000004db3800 Exception <a 'sun/nio/fs/WindowsException'> (0x00000000ff156230) thrown at [D:\src\AOSP-openjdk-cygwin\jdk8u\hotspot\src\share\vm\prims\jni.cpp, line 709]
Event: 1.340 Thread 0x0000000004db3800 Exception <a 'sun/nio/fs/WindowsException'> (0x00000000ff15b558) thrown at [D:\src\AOSP-openjdk-cygwin\jdk8u\hotspot\src\share\vm\prims\jni.cpp, line 709]
Event: 1.432 Thread 0x0000000004db3800 Exception <a 'sun/nio/fs/WindowsException'> (0x00000000ff359b08) thrown at [D:\src\AOSP-openjdk-cygwin\jdk8u\hotspot\src\share\vm\prims\jni.cpp, line 709]
Event: 1.432 Thread 0x0000000004db3800 Exception <a 'sun/nio/fs/WindowsException'> (0x00000000ff35a080) thrown at [D:\src\AOSP-openjdk-cygwin\jdk8u\hotspot\src\share\vm\prims\jni.cpp, line 709]
Event: 1.711 Thread 0x0000000004db3800 Exception <a 'sun/nio/fs/WindowsException'> (0x00000000ff89e4b0) thrown at [D:\src\AOSP-openjdk-cygwin\jdk8u\hotspot\src\share\vm\prims\jni.cpp, line 709]
Event: 1.712 Thread 0x0000000004db3800 Exception <a 'sun/nio/fs/WindowsException'> (0x00000000ff89e9a8) thrown at [D:\src\AOSP-openjdk-cygwin\jdk8u\hotspot\src\share\vm\prims\jni.cpp, line 709]

Events (10 events):
Event: 1.496 loading class java/util/zip/ZipOutputStream$XEntry
Event: 1.496 loading class java/util/zip/ZipOutputStream$XEntry done
Event: 1.499 loading class org/objectweb/asm/Opcodes
Event: 1.499 loading class org/objectweb/asm/Opcodes done
Event: 1.504 loading class org/objectweb/asm/tree/TryCatchBlockNode
Event: 1.504 loading class org/objectweb/asm/tree/TryCatchBlockNode done
Event: 1.504 loading class org/objectweb/asm/Handler
Event: 1.504 loading class org/objectweb/asm/Handler done
Event: 1.608 loading class java/util/Vector$Itr
Event: 1.608 loading class java/util/Vector$Itr done


Dynamic libraries:
0x00007ff777810000 - 0x00007ff777841000 	C:\Program Files\Android\Android Studio\jre\bin\java.exe
0x00007fff10cc0000 - 0x00007fff10ea0000 	C:\Windows\SYSTEM32\ntdll.dll
0x00007fff0ec90000 - 0x00007fff0ed3e000 	C:\Windows\System32\KERNEL32.DLL
0x00007fff0dda0000 - 0x00007fff0e006000 	C:\Windows\System32\KERNELBASE.dll
0x00007fff0ed40000 - 0x00007fff0ede1000 	C:\Windows\System32\ADVAPI32.dll
0x00007fff0ebf0000 - 0x00007fff0ec8d000 	C:\Windows\System32\msvcrt.dll
0x00007fff10a60000 - 0x00007fff10abb000 	C:\Windows\System32\sechost.dll
0x00007fff10890000 - 0x00007fff109af000 	C:\Windows\System32\RPCRT4.dll
0x00007fff0ea60000 - 0x00007fff0ebef000 	C:\Windows\System32\USER32.dll
0x00007fff0dbe0000 - 0x00007fff0dc00000 	C:\Windows\System32\win32u.dll
0x00007fff107c0000 - 0x00007fff107e8000 	C:\Windows\System32\GDI32.dll
0x00007fff0d810000 - 0x00007fff0d9a3000 	C:\Windows\System32\gdi32full.dll
0x00007fff0dd00000 - 0x00007fff0dd9b000 	C:\Windows\System32\msvcp_win.dll
0x00007fff0dc00000 - 0x00007fff0dcf5000 	C:\Windows\System32\ucrtbase.dll
0x00007fff04d80000 - 0x00007fff04fe9000 	C:\Windows\WinSxS\amd64_microsoft.windows.common-controls_6595b64144ccf1df_6.0.16299.611_none_15c7d8029365981f\COMCTL32.dll
0x00007fff0e750000 - 0x00007fff0ea57000 	C:\Windows\System32\combase.dll
0x00007fff0e110000 - 0x00007fff0e182000 	C:\Windows\System32\bcryptPrimitives.dll
0x00007fff109b0000 - 0x00007fff109dd000 	C:\Windows\System32\IMM32.DLL
0x00000000705f0000 - 0x00000000706c2000 	C:\Program Files\Android\Android Studio\jre\jre\bin\msvcr100.dll
0x00000000706d0000 - 0x0000000070f0e000 	C:\Program Files\Android\Android Studio\jre\jre\bin\server\jvm.dll
0x00007fff0e740000 - 0x00007fff0e748000 	C:\Windows\System32\PSAPI.DLL
0x00007fff09440000 - 0x00007fff09449000 	C:\Windows\SYSTEM32\WSOCK32.dll
0x00007fff106d0000 - 0x00007fff1073c000 	C:\Windows\System32\WS2_32.dll
0x00007fff0b3a0000 - 0x00007fff0b3c3000 	C:\Windows\SYSTEM32\WINMM.dll
0x00007fff064d0000 - 0x00007fff064da000 	C:\Windows\SYSTEM32\VERSION.dll
0x00007fff0b370000 - 0x00007fff0b39a000 	C:\Windows\SYSTEM32\WINMMBASE.dll
0x00007fff0e010000 - 0x00007fff0e05a000 	C:\Windows\System32\cfgmgr32.dll
0x00007fff09fd0000 - 0x00007fff09fdf000 	C:\Program Files\Android\Android Studio\jre\jre\bin\verify.dll
0x00007fff07fb0000 - 0x00007fff07fd9000 	C:\Program Files\Android\Android Studio\jre\jre\bin\java.dll
0x00007fff04600000 - 0x00007fff04616000 	C:\Program Files\Android\Android Studio\jre\jre\bin\zip.dll
0x00007fff0f290000 - 0x00007fff106c8000 	C:\Windows\System32\SHELL32.dll
0x00007fff0f060000 - 0x00007fff0f106000 	C:\Windows\System32\shcore.dll
0x00007fff0d0c0000 - 0x00007fff0d807000 	C:\Windows\System32\windows.storage.dll
0x00007fff10a00000 - 0x00007fff10a51000 	C:\Windows\System32\shlwapi.dll
0x00007fff0d0a0000 - 0x00007fff0d0b1000 	C:\Windows\System32\kernel.appcore.dll
0x00007fff0d030000 - 0x00007fff0d07c000 	C:\Windows\System32\powrprof.dll
0x00007fff0d010000 - 0x00007fff0d02b000 	C:\Windows\System32\profapi.dll
0x00007fff0ca00000 - 0x00007fff0ca17000 	C:\Windows\SYSTEM32\CRYPTSP.dll
0x00007fff0c440000 - 0x00007fff0c473000 	C:\Windows\system32\rsaenh.dll
0x00007fff0cb70000 - 0x00007fff0cb95000 	C:\Windows\SYSTEM32\bcrypt.dll
0x00007fff0cf40000 - 0x00007fff0cf69000 	C:\Windows\SYSTEM32\USERENV.dll
0x00007fff0ca20000 - 0x00007fff0ca2b000 	C:\Windows\SYSTEM32\CRYPTBASE.dll
0x00007ffefe160000 - 0x00007ffefe17a000 	C:\Program Files\Android\Android Studio\jre\jre\bin\net.dll
0x00007fff0c840000 - 0x00007fff0c8a6000 	C:\Windows\system32\mswsock.dll
0x00007fff0c5d0000 - 0x00007fff0c609000 	C:\Windows\SYSTEM32\IPHLPAPI.DLL
0x00007fff0e2e0000 - 0x00007fff0e2e8000 	C:\Windows\System32\NSI.dll
0x00007fff08fd0000 - 0x00007fff08fe6000 	C:\Windows\SYSTEM32\dhcpcsvc6.DLL
0x00007fff08f60000 - 0x00007fff08f7a000 	C:\Windows\SYSTEM32\dhcpcsvc.DLL
0x00007ffefb9c0000 - 0x00007ffefb9d1000 	C:\Program Files\Android\Android Studio\jre\jre\bin\nio.dll

VM Arguments:
jvm_args: -Djava.awt.headless=true -Xmx64M -Dfile.encoding=windows-1251 -Duser.country=RU -Duser.language=ru -Duser.variant 
java_command: com.google.devtools.build.android.desugar.Desugar --input C:\Users\PC\git\HttpTest\app\build\intermediates\transforms\stackFramesFixer\debug\11.jar --output C:\Users\PC\git\HttpTest\app\build\intermediates\transforms\desugar\debug\12.jar --input C:\Users\PC\git\HttpTest\app\build\intermediates\transforms\stackFramesFixer\debug\2.jar --output C:\Users\PC\git\HttpTest\app\build\intermediates\transforms\desugar\debug\3.jar --input C:\Users\PC\git\HttpTest\app\build\intermediates\transforms\stackFramesFixer\debug\17.jar --output C:\Users\PC\git\HttpTest\app\build\intermediates\transforms\desugar\debug\18.jar --input C:\Users\PC\git\HttpTest\app\build\intermediates\transforms\stackFramesFixer\debug\13.jar --output C:\Users\PC\git\HttpTest\app\build\intermediates\transforms\desugar\debug\14.jar --input C:\Users\PC\git\HttpTest\app\build\intermediates\transforms\stackFramesFixer\debug\14.jar --output C:\Users\PC\git\HttpTest\app\build\intermediates\transforms\desugar\debug\15.jar --input C:\Users\PC\git\HttpTest\app\build\intermediates\transforms\stackFramesFixer\debug\7.jar --output C:\Users\PC\git\HttpTest\app\build\intermediates\transforms\desugar\debug\8.jar --classpath_entry C:\Users\PC\git\HttpTest\app\build\intermediates\classes\debug --classpath_entry C:\Users\PC\git\HttpTest\app\build\intermediates\transforms\stackFramesFixer\debug\0.jar --classpath_entry C:\Users\PC\git\HttpTest\app\build\intermediates\transforms\stackFramesFixer\debug\1.jar --classpath_entry C:\Users\PC\git\HttpTest\app\build\intermediates\transforms\stackFramesFixer\debug\2.jar --classpath_entry C:\Users\PC\git\HttpTest\app\build\intermediates\transforms\stackFramesFixer\debug\3.jar --classpath_entry C:\Users\PC\git\HttpTest\app\build\intermediates\transforms\stackFramesFixer\debug\4.jar --classpath_entry C:\Users\PC\git\HttpTest\app\build\intermediates\transforms\stackFramesFixer\debug\5.jar --classpath_entry C:\Users\PC\git\HttpTest\app\build\intermediates\transforms\stackFram
java_class_path (initial): C:\Users\PC\AppData\Local\Temp\desugar_deploy.jar3166898222981576097
Launcher Type: SUN_STANDARD

Environment Variables:
JAVA_HOME=C:\Program Files\Java\jdk1.8.0_171
PATH=C:\Windows\system32;C:\Windows;C:\Windows\System32\Wbem;C:\Windows\System32\WindowsPowerShell\v1.0\;C:\Program Files (x86)\NVIDIA Corporation\PhysX\Common;C:\Program Files\Git\cmd;C:\Program Files\Java\jdk1.8.0_171\bin;C:\ProgramData\chocolatey\bin;C:\Program Files (x86)\PuTTY\;C:\Users\PC\AppData\Local\Microsoft\WindowsApps;C:\Users\PC\AppData\Local\atom\bin
USERNAME=PC
OS=Windows_NT
PROCESSOR_IDENTIFIER=Intel64 Family 6 Model 158 Stepping 9, GenuineIntel



---------------  S Y S T E M  ---------------

OS: Windows 10.0 , 64 bit Build 16299 (10.0.16299.431)

CPU:total 4 (initial active 4) (4 cores per cpu, 1 threads per core) family 6 model 158 stepping 9, cmov, cx8, fxsr, mmx, sse, sse2, sse3, ssse3, sse4.1, sse4.2, popcnt, avx, avx2, aes, clmul, erms, rtm, 3dnowpref, lzcnt, tsc, tscinvbit, bmi1, bmi2, adx

Memory: 4k page, physical 8352828k(1208008k free), swap 10733660k(3180k free)

vm_info: OpenJDK 64-Bit Server VM (25.152-b01) for windows-amd64 JRE (1.8.0_152-release-915-b01), built by "builder" with MS VC++ 10.0 (VS2010)

time: Mon Sep 17 15:18:19 2018
elapsed time: 1 seconds (0d 0h 0m 1s)

