#
# There is insufficient memory for the Java Runtime Environment to continue.
# Native memory allocation (malloc) failed to allocate 32744 bytes for ChunkPool::allocate
# Possible reasons:
#   The system is out of physical RAM or swap space
#   In 32 bit mode, the process size limit was hit
# Possible solutions:
#   Reduce memory load on the system
#   Increase physical memory or swap space
#   Check if swap backing store is full
#   Use 64 bit Java on a 64 bit OS
#   Decrease Java heap size (-Xmx/-Xms)
#   Decrease number of Java threads
#   Decrease Java thread stack sizes (-Xss)
#   Set larger code cache with -XX:ReservedCodeCacheSize=
# This output file may be truncated or incomplete.
#
#  Out of Memory Error (allocation.cpp:273), pid=4292, tid=0x0000000000000558
#
# JRE version: OpenJDK Runtime Environment (8.0_152-b01) (build 1.8.0_152-release-915-b01)
# Java VM: OpenJDK 64-Bit Server VM (25.152-b01 mixed mode windows-amd64 compressed oops)
# Failed to write core dump. Minidumps are not enabled by default on client versions of Windows
#

---------------  T H R E A D  ---------------

Current thread (0x0000000014962800):  JavaThread "C2 CompilerThread1" daemon [_thread_in_native, id=1368, stack(0x00000000160e0000,0x00000000161e0000)]

Stack: [0x00000000160e0000,0x00000000161e0000]
[error occurred during error reporting (printing stack bounds), id 0xc0000005]

Native frames: (J=compiled Java code, j=interpreted, Vv=VM code, C=native code)


Current CompileTask:
C2:    931  731       4       org.objectweb.asm.ClassReader::a (194 bytes)


---------------  P R O C E S S  ---------------

Java Threads: ( => current thread )
  0x000000001630b000 JavaThread "Service Thread" daemon [_thread_blocked, id=10120, stack(0x00000000166e0000,0x00000000167e0000)]
  0x0000000014966800 JavaThread "C1 CompilerThread2" daemon [_thread_in_native, id=8808, stack(0x00000000161e0000,0x00000000162e0000)]
=>0x0000000014962800 JavaThread "C2 CompilerThread1" daemon [_thread_in_native, id=1368, stack(0x00000000160e0000,0x00000000161e0000)]
  0x000000001495f800 JavaThread "C2 CompilerThread0" daemon [_thread_in_native, id=6232, stack(0x0000000015fe0000,0x00000000160e0000)]
  0x000000001495e000 JavaThread "Attach Listener" daemon [_thread_blocked, id=3540, stack(0x0000000015ee0000,0x0000000015fe0000)]
  0x0000000014969000 JavaThread "Signal Dispatcher" daemon [_thread_blocked, id=2360, stack(0x0000000015de0000,0x0000000015ee0000)]
  0x00000000045fe000 JavaThread "Finalizer" daemon [_thread_blocked, id=1984, stack(0x0000000015be0000,0x0000000015ce0000)]
  0x00000000045f3800 JavaThread "Reference Handler" daemon [_thread_blocked, id=1860, stack(0x0000000015ae0000,0x0000000015be0000)]
  0x0000000004503800 JavaThread "main" [_thread_in_Java, id=6464, stack(0x0000000004330000,0x0000000004430000)]

Other Threads:
  0x0000000014925000 VMThread [stack: 0x00000000159e0000,0x0000000015ae0000] [id=5704]
  0x000000001631d800 WatcherThread [stack: 0x00000000167e0000,0x00000000168e0000] [id=7772]

VM state:not at safepoint (normal execution)

VM Mutex/Monitor currently owned by a thread: None

Heap:
 PSYoungGen      total 18944K, used 14065K [0x00000000feb00000, 0x0000000100000000, 0x0000000100000000)
  eden space 16384K, 70% used [0x00000000feb00000,0x00000000ff644618,0x00000000ffb00000)
  from space 2560K, 98% used [0x00000000ffb00000,0x00000000ffd78030,0x00000000ffd80000)
  to   space 2560K, 0% used [0x00000000ffd80000,0x00000000ffd80000,0x0000000100000000)
 ParOldGen       total 44032K, used 1564K [0x00000000fc000000, 0x00000000feb00000, 0x00000000feb00000)
  object space 44032K, 3% used [0x00000000fc000000,0x00000000fc187188,0x00000000feb00000)
 Metaspace       used 7378K, capacity 7576K, committed 7680K, reserved 1056768K
  class space    used 869K, capacity 956K, committed 1024K, reserved 1048576K

Card table byte_map: [0x0000000002a70000,0x0000000002aa0000] byte_map_base: 0x0000000002290000

Marking Bits: (ParMarkBitMap*) 0x0000000059243950
 Begin Bits: [0x0000000013dc0000, 0x0000000013ec0000)
 End Bits:   [0x0000000013ec0000, 0x0000000013fc0000)

Polling page: 0x0000000002a40000

CodeCache: size=245760Kb used=2702Kb max_used=2714Kb free=243057Kb
 bounds [0x0000000004600000, 0x00000000048b0000, 0x0000000013600000]
 total_blobs=1054 nmethods=723 adapters=245
 compilation: enabled

Compilation events (10 events):
Event: 0.926 Thread 0x0000000014966800  721       3       org.objectweb.asm.ByteVector::<init> (13 bytes)
Event: 0.926 Thread 0x0000000014966800 nmethod 721 0x00000000048a2b10 code [0x00000000048a2c80, 0x00000000048a2ed0]
Event: 0.926 Thread 0x0000000014966800  722       3       org.objectweb.asm.ClassWriter::newNameType (10 bytes)
Event: 0.926 Thread 0x0000000014966800 nmethod 722 0x00000000048a2f90 code [0x00000000048a3100, 0x00000000048a32a8]
Event: 0.926 Thread 0x0000000014966800  723       3       org.objectweb.asm.ClassWriter::a (71 bytes)
Event: 0.926 Thread 0x0000000014966800 nmethod 723 0x00000000048a3390 code [0x00000000048a3580, 0x00000000048a3ab8]
Event: 0.926 Thread 0x0000000014966800  726       3       org.objectweb.asm.ClassReader::a (3587 bytes)
Event: 0.927 Thread 0x0000000014962800  730       4       org.objectweb.asm.ClassReader::readInt (52 bytes)
Event: 0.927 Thread 0x0000000014962800 nmethod 730 0x00000000048a6a90 code [0x00000000048a6bc0, 0x00000000048a6cb8]
Event: 0.928 Thread 0x0000000014962800  731       4       org.objectweb.asm.ClassReader::a (194 bytes)

GC Heap History (2 events):
Event: 0.776 GC heap before
{Heap before GC invocations=1 (full 0):
 PSYoungGen      total 18944K, used 16384K [0x00000000feb00000, 0x0000000100000000, 0x0000000100000000)
  eden space 16384K, 100% used [0x00000000feb00000,0x00000000ffb00000,0x00000000ffb00000)
  from space 2560K, 0% used [0x00000000ffd80000,0x00000000ffd80000,0x0000000100000000)
  to   space 2560K, 0% used [0x00000000ffb00000,0x00000000ffb00000,0x00000000ffd80000)
 ParOldGen       total 44032K, used 0K [0x00000000fc000000, 0x00000000feb00000, 0x00000000feb00000)
  object space 44032K, 0% used [0x00000000fc000000,0x00000000fc000000,0x00000000feb00000)
 Metaspace       used 6510K, capacity 6666K, committed 6784K, reserved 1056768K
  class space    used 768K, capacity 823K, committed 896K, reserved 1048576K
Event: 0.783 GC heap after
Heap after GC invocations=1 (full 0):
 PSYoungGen      total 18944K, used 2528K [0x00000000feb00000, 0x0000000100000000, 0x0000000100000000)
  eden space 16384K, 0% used [0x00000000feb00000,0x00000000feb00000,0x00000000ffb00000)
  from space 2560K, 98% used [0x00000000ffb00000,0x00000000ffd78030,0x00000000ffd80000)
  to   space 2560K, 0% used [0x00000000ffd80000,0x00000000ffd80000,0x0000000100000000)
 ParOldGen       total 44032K, used 1564K [0x00000000fc000000, 0x00000000feb00000, 0x00000000feb00000)
  object space 44032K, 3% used [0x00000000fc000000,0x00000000fc187188,0x00000000feb00000)
 Metaspace       used 6510K, capacity 6666K, committed 6784K, reserved 1056768K
  class space    used 768K, capacity 823K, committed 896K, reserved 1048576K
}

Deoptimization events (10 events):
Event: 0.221 Thread 0x0000000004503800 Uncommon trap: reason=range_check action=make_not_entrant pc=0x0000000004776760 method=sun.reflect.generics.parser.SignatureParser.current()C @ 34
Event: 0.705 Thread 0x0000000004503800 Uncommon trap: reason=unstable_if action=reinterpret pc=0x0000000004794178 method=java.lang.String.startsWith(Ljava/lang/String;I)Z @ 25
Event: 0.742 Thread 0x0000000004503800 Uncommon trap: reason=unstable_if action=reinterpret pc=0x0000000004817cec method=java.util.zip.ZipFile$ZipEntryIterator.hasNext()Z @ 25
Event: 0.742 Thread 0x0000000004503800 Uncommon trap: reason=unstable_if action=reinterpret pc=0x0000000004824228 method=java.util.zip.ZipCoder.decoder()Ljava/nio/charset/CharsetDecoder; @ 4
Event: 0.742 Thread 0x0000000004503800 Uncommon trap: reason=unstable_if action=reinterpret pc=0x0000000004817818 method=java.util.zip.ZipEntry.setExtra0([BZ)V @ 1
Event: 0.749 Thread 0x0000000004503800 Uncommon trap: reason=unstable_if action=reinterpret pc=0x0000000004821abc method=java.util.zip.ZipCoder.decoder()Ljava/nio/charset/CharsetDecoder; @ 4
Event: 0.751 Thread 0x0000000004503800 Uncommon trap: reason=unstable_if action=reinterpret pc=0x000000000481bfe0 method=java.util.zip.ZipCoder.decoder()Ljava/nio/charset/CharsetDecoder; @ 4
Event: 0.797 Thread 0x0000000004503800 Uncommon trap: reason=unstable_if action=reinterpret pc=0x00000000048392c8 method=java.util.HashMap$HashIterator.nextNode()Ljava/util/HashMap$Node; @ 74
Event: 0.822 Thread 0x0000000004503800 Uncommon trap: reason=unstable_if action=reinterpret pc=0x0000000004838e88 method=java.util.HashMap$HashIterator.nextNode()Ljava/util/HashMap$Node; @ 74
Event: 0.860 Thread 0x0000000004503800 Uncommon trap: reason=unloaded action=reinterpret pc=0x000000000481cdfc method=java.util.zip.ZipEntry.setExtra0([BZ)V @ 37

Classes redefined (0 events):
No events

Internal exceptions (10 events):
Event: 0.751 Thread 0x0000000004503800 Implicit null exception at 0x000000000481b9e4 to 0x000000000481bfb1
Event: 0.817 Thread 0x0000000004503800 Exception <a 'sun/nio/fs/WindowsException'> (0x00000000ff162b48) thrown at [D:\src\AOSP-openjdk-cygwin\jdk8u\hotspot\src\share\vm\prims\jni.cpp, line 709]
Event: 0.817 Thread 0x0000000004503800 Exception <a 'sun/nio/fs/WindowsException'> (0x00000000ff163108) thrown at [D:\src\AOSP-openjdk-cygwin\jdk8u\hotspot\src\share\vm\prims\jni.cpp, line 709]
Event: 0.817 Thread 0x0000000004503800 Exception <a 'sun/nio/fs/WindowsException'> (0x00000000ff1636c0) thrown at [D:\src\AOSP-openjdk-cygwin\jdk8u\hotspot\src\share\vm\prims\jni.cpp, line 709]
Event: 0.817 Thread 0x0000000004503800 Exception <a 'sun/nio/fs/WindowsException'> (0x00000000ff163e80) thrown at [D:\src\AOSP-openjdk-cygwin\jdk8u\hotspot\src\share\vm\prims\jni.cpp, line 709]
Event: 0.817 Thread 0x0000000004503800 Exception <a 'sun/nio/fs/WindowsException'> (0x00000000ff164410) thrown at [D:\src\AOSP-openjdk-cygwin\jdk8u\hotspot\src\share\vm\prims\jni.cpp, line 709]
Event: 0.817 Thread 0x0000000004503800 Exception <a 'sun/nio/fs/WindowsException'> (0x00000000ff164bc0) thrown at [D:\src\AOSP-openjdk-cygwin\jdk8u\hotspot\src\share\vm\prims\jni.cpp, line 709]
Event: 0.831 Thread 0x0000000004503800 Exception <a 'sun/nio/fs/WindowsException'> (0x00000000ff169ee8) thrown at [D:\src\AOSP-openjdk-cygwin\jdk8u\hotspot\src\share\vm\prims\jni.cpp, line 709]
Event: 0.870 Thread 0x0000000004503800 Exception <a 'sun/nio/fs/WindowsException'> (0x00000000ff4148c0) thrown at [D:\src\AOSP-openjdk-cygwin\jdk8u\hotspot\src\share\vm\prims\jni.cpp, line 709]
Event: 0.870 Thread 0x0000000004503800 Exception <a 'sun/nio/fs/WindowsException'> (0x00000000ff414e38) thrown at [D:\src\AOSP-openjdk-cygwin\jdk8u\hotspot\src\share\vm\prims\jni.cpp, line 709]

Events (10 events):
Event: 0.912 loading class com/google/devtools/build/android/desugar/FieldInfo
Event: 0.912 loading class com/google/devtools/build/android/desugar/FieldInfo done
Event: 0.912 loading class com/google/devtools/build/android/desugar/AutoValue_FieldInfo
Event: 0.912 loading class com/google/devtools/build/android/desugar/AutoValue_FieldInfo done
Event: 0.913 loading class com/google/devtools/build/android/desugar/Java7Compatibility$InlineOneMethod
Event: 0.913 loading class com/google/devtools/build/android/desugar/Java7Compatibility$InlineOneMethod done
Event: 0.915 loading class org/objectweb/asm/tree/TryCatchBlockNode
Event: 0.915 loading class org/objectweb/asm/tree/TryCatchBlockNode done
Event: 0.916 loading class org/objectweb/asm/Handler
Event: 0.916 loading class org/objectweb/asm/Handler done


Dynamic libraries:
0x00007ff60e000000 - 0x00007ff60e031000 	C:\Program Files\Android\Android Studio\jre\bin\java.exe
0x00007ffd5def0000 - 0x00007ffd5e0d0000 	C:\Windows\SYSTEM32\ntdll.dll
0x00007ffd5b620000 - 0x00007ffd5b6ce000 	C:\Windows\System32\KERNEL32.DLL
0x00007ffd5a8a0000 - 0x00007ffd5ab06000 	C:\Windows\System32\KERNELBASE.dll
0x00007ffd5ddd0000 - 0x00007ffd5de71000 	C:\Windows\System32\ADVAPI32.dll
0x00007ffd5b460000 - 0x00007ffd5b4fd000 	C:\Windows\System32\msvcrt.dll
0x00007ffd5d730000 - 0x00007ffd5d78b000 	C:\Windows\System32\sechost.dll
0x00007ffd5b500000 - 0x00007ffd5b61f000 	C:\Windows\System32\RPCRT4.dll
0x00007ffd5d960000 - 0x00007ffd5daef000 	C:\Windows\System32\USER32.dll
0x00007ffd5a4c0000 - 0x00007ffd5a4e0000 	C:\Windows\System32\win32u.dll
0x00007ffd5de80000 - 0x00007ffd5dea8000 	C:\Windows\System32\GDI32.dll
0x00007ffd5a700000 - 0x00007ffd5a893000 	C:\Windows\System32\gdi32full.dll
0x00007ffd5a660000 - 0x00007ffd5a6fb000 	C:\Windows\System32\msvcp_win.dll
0x00007ffd5a4e0000 - 0x00007ffd5a5d5000 	C:\Windows\System32\ucrtbase.dll
0x00007ffd50190000 - 0x00007ffd503f9000 	C:\Windows\WinSxS\amd64_microsoft.windows.common-controls_6595b64144ccf1df_6.0.16299.611_none_15c7d8029365981f\COMCTL32.dll
0x00007ffd5d070000 - 0x00007ffd5d377000 	C:\Windows\System32\combase.dll
0x00007ffd5a5e0000 - 0x00007ffd5a652000 	C:\Windows\System32\bcryptPrimitives.dll
0x00007ffd5dda0000 - 0x00007ffd5ddcd000 	C:\Windows\System32\IMM32.DLL
0x00000000588c0000 - 0x0000000058992000 	C:\Program Files\Android\Android Studio\jre\jre\bin\msvcr100.dll
0x0000000058a80000 - 0x00000000592be000 	C:\Program Files\Android\Android Studio\jre\jre\bin\server\jvm.dll
0x00007ffd5d590000 - 0x00007ffd5d598000 	C:\Windows\System32\PSAPI.DLL
0x00007ffd56fd0000 - 0x00007ffd56fd9000 	C:\Windows\SYSTEM32\WSOCK32.dll
0x00007ffd5d7a0000 - 0x00007ffd5d80c000 	C:\Windows\System32\WS2_32.dll
0x00007ffd584f0000 - 0x00007ffd58513000 	C:\Windows\SYSTEM32\WINMM.dll
0x00007ffd53d80000 - 0x00007ffd53d8a000 	C:\Windows\SYSTEM32\VERSION.dll
0x00007ffd58490000 - 0x00007ffd584ba000 	C:\Windows\SYSTEM32\WINMMBASE.dll
0x00007ffd5b370000 - 0x00007ffd5b3ba000 	C:\Windows\System32\cfgmgr32.dll
0x00007ffd51930000 - 0x00007ffd5193f000 	C:\Program Files\Android\Android Studio\jre\jre\bin\verify.dll
0x00007ffd3d100000 - 0x00007ffd3d129000 	C:\Program Files\Android\Android Studio\jre\jre\bin\java.dll
0x00007ffd42280000 - 0x00007ffd42296000 	C:\Program Files\Android\Android Studio\jre\jre\bin\zip.dll
0x00007ffd5bbd0000 - 0x00007ffd5d008000 	C:\Windows\System32\SHELL32.dll
0x00007ffd5b6d0000 - 0x00007ffd5b776000 	C:\Windows\System32\shcore.dll
0x00007ffd5abc0000 - 0x00007ffd5b307000 	C:\Windows\System32\windows.storage.dll
0x00007ffd5d3e0000 - 0x00007ffd5d431000 	C:\Windows\System32\shlwapi.dll
0x00007ffd5a2b0000 - 0x00007ffd5a2c1000 	C:\Windows\System32\kernel.appcore.dll
0x00007ffd5a260000 - 0x00007ffd5a2ac000 	C:\Windows\System32\powrprof.dll
0x00007ffd5a2d0000 - 0x00007ffd5a2eb000 	C:\Windows\System32\profapi.dll
0x00007ffd59c30000 - 0x00007ffd59c47000 	C:\Windows\SYSTEM32\CRYPTSP.dll
0x00007ffd59670000 - 0x00007ffd596a3000 	C:\Windows\system32\rsaenh.dll
0x00007ffd59da0000 - 0x00007ffd59dc5000 	C:\Windows\SYSTEM32\bcrypt.dll
0x00007ffd5a170000 - 0x00007ffd5a199000 	C:\Windows\SYSTEM32\USERENV.dll
0x00007ffd59c50000 - 0x00007ffd59c5b000 	C:\Windows\SYSTEM32\CRYPTBASE.dll
0x00007ffd4c8e0000 - 0x00007ffd4c8fa000 	C:\Program Files\Android\Android Studio\jre\jre\bin\net.dll
0x00007ffd59a70000 - 0x00007ffd59ad6000 	C:\Windows\system32\mswsock.dll
0x00007ffd59800000 - 0x00007ffd59839000 	C:\Windows\SYSTEM32\IPHLPAPI.DLL
0x00007ffd5deb0000 - 0x00007ffd5deb8000 	C:\Windows\System32\NSI.dll
0x00007ffd561b0000 - 0x00007ffd561c6000 	C:\Windows\SYSTEM32\dhcpcsvc6.DLL
0x00007ffd56190000 - 0x00007ffd561aa000 	C:\Windows\SYSTEM32\dhcpcsvc.DLL
0x00007ffd4c840000 - 0x00007ffd4c851000 	C:\Program Files\Android\Android Studio\jre\jre\bin\nio.dll

VM Arguments:
jvm_args: -Djava.awt.headless=true -Xmx64M -Dfile.encoding=windows-1251 -Duser.country=RU -Duser.language=ru -Duser.variant 
java_command: com.google.devtools.build.android.desugar.Desugar --input C:\Users\PC\git\HttpTest\app\build\intermediates\transforms\stackFramesFixer\debug\23.jar --output C:\Users\PC\git\HttpTest\app\build\intermediates\transforms\desugar\debug\23.jar --input C:\Users\PC\git\HttpTest\app\build\intermediates\transforms\stackFramesFixer\debug\16.jar --output C:\Users\PC\git\HttpTest\app\build\intermediates\transforms\desugar\debug\16.jar --input C:\Users\PC\git\HttpTest\app\build\intermediates\transforms\stackFramesFixer\debug\0.jar --output C:\Users\PC\git\HttpTest\app\build\intermediates\transforms\desugar\debug\1.jar --input C:\Users\PC\git\HttpTest\app\build\intermediates\transforms\stackFramesFixer\debug\19.jar --output C:\Users\PC\git\HttpTest\app\build\intermediates\transforms\desugar\debug\19.jar --input C:\Users\PC\git\HttpTest\app\build\intermediates\transforms\stackFramesFixer\debug\14.jar --output C:\Users\PC\git\HttpTest\app\build\intermediates\transforms\desugar\debug\14.jar --input C:\Users\PC\git\HttpTest\app\build\intermediates\transforms\stackFramesFixer\debug\21.jar --output C:\Users\PC\git\HttpTest\app\build\intermediates\transforms\desugar\debug\21.jar --input C:\Users\PC\git\HttpTest\app\build\intermediates\transforms\stackFramesFixer\debug\4.jar --output C:\Users\PC\git\HttpTest\app\build\intermediates\transforms\desugar\debug\4.jar --classpath_entry C:\Users\PC\git\HttpTest\app\build\intermediates\classes\debug --classpath_entry C:\Users\PC\git\HttpTest\app\build\intermediates\transforms\stackFramesFixer\debug\0.jar --classpath_entry C:\Users\PC\git\HttpTest\app\build\intermediates\transforms\stackFramesFixer\debug\1.jar --classpath_entry C:\Users\PC\git\HttpTest\app\build\intermediates\transforms\stackFramesFixer\debug\3.jar --classpath_entry C:\Users\PC\git\HttpTest\app\build\intermediates\transforms\stackFramesFixer\debug\4.jar --classpath_entry C:\Users\PC\git\HttpTest\app\build\intermediates\transforms\stackFramesFixer\debug\5.jar --clas
java_class_path (initial): C:\Users\PC\AppData\Local\Temp\desugar_deploy.jar1873233598249578448
Launcher Type: SUN_STANDARD

Environment Variables:
JAVA_HOME=C:\Program Files\Java\jdk1.8.0_171
PATH=C:\Windows\system32;C:\Windows;C:\Windows\System32\Wbem;C:\Windows\System32\WindowsPowerShell\v1.0\;C:\Program Files (x86)\NVIDIA Corporation\PhysX\Common;C:\Program Files\Git\cmd;C:\Program Files\Java\jdk1.8.0_171\bin;C:\ProgramData\chocolatey\bin;C:\Program Files (x86)\PuTTY\;C:\Users\PC\AppData\Local\Microsoft\WindowsApps;C:\Users\PC\AppData\Local\atom\bin
USERNAME=PC
OS=Windows_NT
PROCESSOR_IDENTIFIER=Intel64 Family 6 Model 158 Stepping 9, GenuineIntel



---------------  S Y S T E M  ---------------

OS: Windows 10.0 , 64 bit Build 16299 (10.0.16299.431)

CPU:total 4 (initial active 4) (4 cores per cpu, 1 threads per core) family 6 model 158 stepping 9, cmov, cx8, fxsr, mmx, sse, sse2, sse3, ssse3, sse4.1, sse4.2, popcnt, avx, avx2, aes, clmul, erms, rtm, 3dnowpref, lzcnt, tsc, tscinvbit, bmi1, bmi2, adx

Memory: 4k page, physical 8352828k(1023504k free), swap 11091708k(1580k free)

vm_info: OpenJDK 64-Bit Server VM (25.152-b01) for windows-amd64 JRE (1.8.0_152-release-915-b01), built by "builder" with MS VC++ 10.0 (VS2010)

time: Mon Oct 15 12:24:05 2018
elapsed time: 0 seconds (0d 0h 0m 0s)

