#
# There is insufficient memory for the Java Runtime Environment to continue.
# Native memory allocation (malloc) failed to allocate 855216 bytes for Chunk::new
# Possible reasons:
#   The system is out of physical RAM or swap space
#   In 32 bit mode, the process size limit was hit
# Possible solutions:
#   Reduce memory load on the system
#   Increase physical memory or swap space
#   Check if swap backing store is full
#   Use 64 bit Java on a 64 bit OS
#   Decrease Java heap size (-Xmx/-Xms)
#   Decrease number of Java threads
#   Decrease Java thread stack sizes (-Xss)
#   Set larger code cache with -XX:ReservedCodeCacheSize=
# This output file may be truncated or incomplete.
#
#  Out of Memory Error (allocation.cpp:390), pid=1772, tid=0x0000000000001c38
#
# JRE version: OpenJDK Runtime Environment (8.0_152-b01) (build 1.8.0_152-release-915-b01)
# Java VM: OpenJDK 64-Bit Server VM (25.152-b01 mixed mode windows-amd64 compressed oops)
# Failed to write core dump. Minidumps are not enabled by default on client versions of Windows
#

---------------  T H R E A D  ---------------

Current thread (0x0000000014f3e000):  JavaThread "C2 CompilerThread1" daemon [_thread_in_native, id=7224, stack(0x0000000016690000,0x0000000016790000)]

Stack: [0x0000000016690000,0x0000000016790000]
[error occurred during error reporting (printing stack bounds), id 0xc0000005]

Native frames: (J=compiled Java code, j=interpreted, Vv=VM code, C=native code)


Current CompileTask:
C2:   3489  854       4       org.objectweb.asm.ClassReader::a (3587 bytes)


---------------  P R O C E S S  ---------------

Java Threads: ( => current thread )
  0x0000000016798000 JavaThread "Service Thread" daemon [_thread_blocked, id=9004, stack(0x0000000016c90000,0x0000000016d90000)]
  0x0000000016791800 JavaThread "C1 CompilerThread2" daemon [_thread_blocked, id=10732, stack(0x0000000016b90000,0x0000000016c90000)]
=>0x0000000014f3e000 JavaThread "C2 CompilerThread1" daemon [_thread_in_native, id=7224, stack(0x0000000016690000,0x0000000016790000)]
  0x0000000014f3b000 JavaThread "C2 CompilerThread0" daemon [_thread_blocked, id=332, stack(0x0000000016590000,0x0000000016690000)]
  0x0000000014f4a800 JavaThread "Attach Listener" daemon [_thread_blocked, id=5204, stack(0x0000000016490000,0x0000000016590000)]
  0x0000000014f49800 JavaThread "Signal Dispatcher" daemon [_thread_blocked, id=5396, stack(0x0000000016390000,0x0000000016490000)]
  0x0000000004ad8800 JavaThread "Finalizer" daemon [_thread_blocked, id=5976, stack(0x0000000016190000,0x0000000016290000)]
  0x0000000004ad3000 JavaThread "Reference Handler" daemon [_thread_blocked, id=6856, stack(0x0000000016090000,0x0000000016190000)]
  0x00000000049e3800 JavaThread "main" [_thread_blocked, id=8360, stack(0x0000000003100000,0x0000000003200000)]

Other Threads:
  0x0000000014f05800 VMThread [stack: 0x0000000015f90000,0x0000000016090000] [id=11808]
  0x000000001679a000 WatcherThread [stack: 0x0000000016d90000,0x0000000016e90000] [id=5488]

VM state:at safepoint (normal execution)

VM Mutex/Monitor currently owned by a thread:  ([mutex/lock_event])
[0x00000000049e0d50] Threads_lock - owner thread: 0x0000000014f05800
[0x00000000049e0f50] Heap_lock - owner thread: 0x00000000049e3800

Heap:
 PSYoungGen      total 18944K, used 18912K [0x00000000feb00000, 0x0000000100000000, 0x0000000100000000)
  eden space 16384K, 100% used [0x00000000feb00000,0x00000000ffb00000,0x00000000ffb00000)
  from space 2560K, 98% used [0x00000000ffb00000,0x00000000ffd78030,0x00000000ffd80000)
  to   space 2560K, 91% used [0x00000000ffd80000,0x00000000fffc6850,0x0000000100000000)
 ParOldGen       total 44032K, used 1583K [0x00000000fc000000, 0x00000000feb00000, 0x00000000feb00000)
  object space 44032K, 3% used [0x00000000fc000000,0x00000000fc18bd90,0x00000000feb00000)
 Metaspace       used 7520K, capacity 7712K, committed 7936K, reserved 1056768K
  class space    used 870K, capacity 956K, committed 1024K, reserved 1048576K

Card table byte_map: [0x0000000004ae0000,0x0000000004b10000] byte_map_base: 0x0000000004300000

Marking Bits: (ParMarkBitMap*) 0x0000000070e93950
 Begin Bits: [0x00000000143a0000, 0x00000000144a0000)
 End Bits:   [0x00000000144a0000, 0x00000000145a0000)

Polling page: 0x0000000003200000

CodeCache: size=245760Kb used=3550Kb max_used=3554Kb free=242209Kb
 bounds [0x0000000004be0000, 0x0000000004f60000, 0x0000000013be0000]
 total_blobs=1231 nmethods=899 adapters=245
 compilation: disabled (not enough contiguous free space left)

Compilation events (10 events):
Event: 3.474 Thread 0x0000000014f3b000  897       4       org.objectweb.asm.Item::<init> (66 bytes)
Event: 3.474 Thread 0x0000000014f3b000 nmethod 897 0x0000000004f34090 code [0x0000000004f341c0, 0x0000000004f34278]
Event: 3.476 Thread 0x0000000016791800  898       1       java.util.Arrays$ArrayList::size (6 bytes)
Event: 3.476 Thread 0x0000000016791800 nmethod 898 0x0000000004f57e90 code [0x0000000004f57fe0, 0x0000000004f580f0]
Event: 3.476 Thread 0x0000000016791800  899       3       org.objectweb.asm.Item::a (354 bytes)
Event: 3.476 Thread 0x0000000016791800 nmethod 899 0x0000000004f56bd0 code [0x0000000004f56e00, 0x0000000004f57ac8]
Event: 3.477 Thread 0x0000000016791800  900       3       org.objectweb.asm.Label::a (93 bytes)
Event: 3.477 Thread 0x0000000016791800 nmethod 900 0x0000000004f56450 code [0x0000000004f565c0, 0x0000000004f56a08]
Event: 3.477 Thread 0x0000000016791800  901       3       org.objectweb.asm.ClassWriter::toByteArray (1282 bytes)
Event: 3.480 Thread 0x0000000016791800 


GC Heap History (2 events):
Event: 2.260 GC heap before
{Heap before GC invocations=1 (full 0):
 PSYoungGen      total 18944K, used 16384K [0x00000000feb00000, 0x0000000100000000, 0x0000000100000000)
  eden space 16384K, 100% used [0x00000000feb00000,0x00000000ffb00000,0x00000000ffb00000)
  from space 2560K, 0% used [0x00000000ffd80000,0x00000000ffd80000,0x0000000100000000)
  to   space 2560K, 0% used [0x00000000ffb00000,0x00000000ffb00000,0x00000000ffd80000)
 ParOldGen       total 44032K, used 0K [0x00000000fc000000, 0x00000000feb00000, 0x00000000feb00000)
  object space 44032K, 0% used [0x00000000fc000000,0x00000000fc000000,0x00000000feb00000)
 Metaspace       used 6509K, capacity 6674K, committed 6784K, reserved 1056768K
  class space    used 768K, capacity 823K, committed 896K, reserved 1048576K
Event: 2.271 GC heap after
Heap after GC invocations=1 (full 0):
 PSYoungGen      total 18944K, used 2528K [0x00000000feb00000, 0x0000000100000000, 0x0000000100000000)
  eden space 16384K, 0% used [0x00000000feb00000,0x00000000feb00000,0x00000000ffb00000)
  from space 2560K, 98% used [0x00000000ffb00000,0x00000000ffd78030,0x00000000ffd80000)
  to   space 2560K, 0% used [0x00000000ffd80000,0x00000000ffd80000,0x0000000100000000)
 ParOldGen       total 44032K, used 1575K [0x00000000fc000000, 0x00000000feb00000, 0x00000000feb00000)
  object space 44032K, 3% used [0x00000000fc000000,0x00000000fc189d90,0x00000000feb00000)
 Metaspace       used 6509K, capacity 6674K, committed 6784K, reserved 1056768K
  class space    used 768K, capacity 823K, committed 896K, reserved 1048576K
}

Deoptimization events (10 events):
Event: 2.167 Thread 0x00000000049e3800 Uncommon trap: reason=unstable_if action=reinterpret pc=0x0000000004d65278 method=java.lang.String.startsWith(Ljava/lang/String;I)Z @ 25
Event: 2.226 Thread 0x00000000049e3800 Uncommon trap: reason=unstable_if action=reinterpret pc=0x0000000004e000ec method=java.util.zip.ZipFile$ZipEntryIterator.hasNext()Z @ 25
Event: 2.226 Thread 0x00000000049e3800 Uncommon trap: reason=unstable_if action=reinterpret pc=0x0000000004dfd720 method=java.util.zip.ZipCoder.decoder()Ljava/nio/charset/CharsetDecoder; @ 4
Event: 2.226 Thread 0x00000000049e3800 Uncommon trap: reason=unstable_if action=reinterpret pc=0x0000000004dfc958 method=java.util.zip.ZipEntry.setExtra0([BZ)V @ 1
Event: 2.245 Thread 0x00000000049e3800 Uncommon trap: reason=unstable_if action=reinterpret pc=0x0000000004e04ea8 method=java.util.zip.ZipCoder.decoder()Ljava/nio/charset/CharsetDecoder; @ 4
Event: 2.246 Thread 0x00000000049e3800 Uncommon trap: reason=unstable_if action=reinterpret pc=0x0000000004e0787c method=java.util.zip.ZipCoder.decoder()Ljava/nio/charset/CharsetDecoder; @ 4
Event: 2.402 Thread 0x00000000049e3800 Uncommon trap: reason=unloaded action=reinterpret pc=0x0000000004e014bc method=java.util.zip.ZipEntry.setExtra0([BZ)V @ 37
Event: 2.941 Thread 0x00000000049e3800 Uncommon trap: reason=unstable_if action=reinterpret pc=0x0000000004e7add0 method=java.lang.String.<init>([CII)V @ 18
Event: 3.419 Thread 0x00000000049e3800 Uncommon trap: reason=unstable_if action=reinterpret pc=0x0000000004ee9e24 method=org.objectweb.asm.Item.a(Lorg/objectweb/asm/Item;)Z @ 317
Event: 3.476 Thread 0x00000000049e3800 Uncommon trap: reason=unstable_if action=reinterpret pc=0x0000000004f2ce98 method=org.objectweb.asm.Item.a(Lorg/objectweb/asm/Item;)Z @ 345

Classes redefined (0 events):
No events

Internal exceptions (10 events):
Event: 2.314 Thread 0x00000000049e3800 Exception <a 'sun/nio/fs/WindowsException'> (0x00000000ff158218) thrown at [D:\src\AOSP-openjdk-cygwin\jdk8u\hotspot\src\share\vm\prims\jni.cpp, line 709]
Event: 2.338 Thread 0x00000000049e3800 Exception <a 'sun/nio/fs/WindowsException'> (0x00000000ff15d540) thrown at [D:\src\AOSP-openjdk-cygwin\jdk8u\hotspot\src\share\vm\prims\jni.cpp, line 709]
Event: 2.416 Thread 0x00000000049e3800 Exception <a 'sun/nio/fs/WindowsException'> (0x00000000ff358658) thrown at [D:\src\AOSP-openjdk-cygwin\jdk8u\hotspot\src\share\vm\prims\jni.cpp, line 709]
Event: 2.416 Thread 0x00000000049e3800 Exception <a 'sun/nio/fs/WindowsException'> (0x00000000ff358bd0) thrown at [D:\src\AOSP-openjdk-cygwin\jdk8u\hotspot\src\share\vm\prims\jni.cpp, line 709]
Event: 2.771 Thread 0x00000000049e3800 Exception <a 'sun/nio/fs/WindowsException'> (0x00000000ff4e1af0) thrown at [D:\src\AOSP-openjdk-cygwin\jdk8u\hotspot\src\share\vm\prims\jni.cpp, line 709]
Event: 2.772 Thread 0x00000000049e3800 Exception <a 'sun/nio/fs/WindowsException'> (0x00000000ff4e1fe8) thrown at [D:\src\AOSP-openjdk-cygwin\jdk8u\hotspot\src\share\vm\prims\jni.cpp, line 709]
Event: 2.924 Thread 0x00000000049e3800 Exception <a 'sun/nio/fs/WindowsException'> (0x00000000ff550e58) thrown at [D:\src\AOSP-openjdk-cygwin\jdk8u\hotspot\src\share\vm\prims\jni.cpp, line 709]
Event: 2.924 Thread 0x00000000049e3800 Exception <a 'sun/nio/fs/WindowsException'> (0x00000000ff551350) thrown at [D:\src\AOSP-openjdk-cygwin\jdk8u\hotspot\src\share\vm\prims\jni.cpp, line 709]
Event: 3.382 Thread 0x00000000049e3800 Exception <a 'sun/nio/fs/WindowsException'> (0x00000000ff5edb58) thrown at [D:\src\AOSP-openjdk-cygwin\jdk8u\hotspot\src\share\vm\prims\jni.cpp, line 709]
Event: 3.382 Thread 0x00000000049e3800 Exception <a 'sun/nio/fs/WindowsException'> (0x00000000ff5ee050) thrown at [D:\src\AOSP-openjdk-cygwin\jdk8u\hotspot\src\share\vm\prims\jni.cpp, line 709]

Events (10 events):
Event: 2.490 loading class java/util/Vector$Itr done
Event: 2.941 Thread 0x00000000049e3800 Uncommon trap: trap_request=0xffffff65 fr.pc=0x0000000004e7add0
Event: 2.941 Thread 0x00000000049e3800 DEOPT PACKING pc=0x0000000004e7add0 sp=0x00000000031fef20
Event: 2.941 Thread 0x00000000049e3800 DEOPT UNPACKING pc=0x0000000004c2556a sp=0x00000000031fee40 mode 2
Event: 3.419 Thread 0x00000000049e3800 Uncommon trap: trap_request=0xffffff65 fr.pc=0x0000000004ee9e24
Event: 3.419 Thread 0x00000000049e3800 DEOPT PACKING pc=0x0000000004ee9e24 sp=0x00000000031fead0
Event: 3.419 Thread 0x00000000049e3800 DEOPT UNPACKING pc=0x0000000004c2556a sp=0x00000000031fea68 mode 2
Event: 3.476 Thread 0x00000000049e3800 Uncommon trap: trap_request=0xffffff65 fr.pc=0x0000000004f2ce98
Event: 3.476 Thread 0x00000000049e3800 DEOPT PACKING pc=0x0000000004f2ce98 sp=0x00000000031fe9d0
Event: 3.476 Thread 0x00000000049e3800 DEOPT UNPACKING pc=0x0000000004c2556a sp=0x00000000031fe968 mode 2


Dynamic libraries:
0x00007ff777810000 - 0x00007ff777841000 	C:\Program Files\Android\Android Studio\jre\bin\java.exe
0x00007fff10cc0000 - 0x00007fff10ea0000 	C:\Windows\SYSTEM32\ntdll.dll
0x00007fff0ec90000 - 0x00007fff0ed3e000 	C:\Windows\System32\KERNEL32.DLL
0x00007fff0dda0000 - 0x00007fff0e006000 	C:\Windows\System32\KERNELBASE.dll
0x00007fff0ed40000 - 0x00007fff0ede1000 	C:\Windows\System32\ADVAPI32.dll
0x00007fff0ebf0000 - 0x00007fff0ec8d000 	C:\Windows\System32\msvcrt.dll
0x00007fff10a60000 - 0x00007fff10abb000 	C:\Windows\System32\sechost.dll
0x00007fff10890000 - 0x00007fff109af000 	C:\Windows\System32\RPCRT4.dll
0x00007fff0ea60000 - 0x00007fff0ebef000 	C:\Windows\System32\USER32.dll
0x00007fff0dbe0000 - 0x00007fff0dc00000 	C:\Windows\System32\win32u.dll
0x00007fff107c0000 - 0x00007fff107e8000 	C:\Windows\System32\GDI32.dll
0x00007fff0d810000 - 0x00007fff0d9a3000 	C:\Windows\System32\gdi32full.dll
0x00007fff0dd00000 - 0x00007fff0dd9b000 	C:\Windows\System32\msvcp_win.dll
0x00007fff0dc00000 - 0x00007fff0dcf5000 	C:\Windows\System32\ucrtbase.dll
0x00007fff04d80000 - 0x00007fff04fe9000 	C:\Windows\WinSxS\amd64_microsoft.windows.common-controls_6595b64144ccf1df_6.0.16299.611_none_15c7d8029365981f\COMCTL32.dll
0x00007fff0e750000 - 0x00007fff0ea57000 	C:\Windows\System32\combase.dll
0x00007fff0e110000 - 0x00007fff0e182000 	C:\Windows\System32\bcryptPrimitives.dll
0x00007fff109b0000 - 0x00007fff109dd000 	C:\Windows\System32\IMM32.DLL
0x00000000705f0000 - 0x00000000706c2000 	C:\Program Files\Android\Android Studio\jre\jre\bin\msvcr100.dll
0x00000000706d0000 - 0x0000000070f0e000 	C:\Program Files\Android\Android Studio\jre\jre\bin\server\jvm.dll
0x00007fff0e740000 - 0x00007fff0e748000 	C:\Windows\System32\PSAPI.DLL
0x00007fff064d0000 - 0x00007fff064da000 	C:\Windows\SYSTEM32\VERSION.dll
0x00007fff09440000 - 0x00007fff09449000 	C:\Windows\SYSTEM32\WSOCK32.dll
0x00007fff106d0000 - 0x00007fff1073c000 	C:\Windows\System32\WS2_32.dll
0x00007fff0b3a0000 - 0x00007fff0b3c3000 	C:\Windows\SYSTEM32\WINMM.dll
0x00007fff0b370000 - 0x00007fff0b39a000 	C:\Windows\SYSTEM32\winmmbase.dll
0x00007fff0e010000 - 0x00007fff0e05a000 	C:\Windows\System32\cfgmgr32.dll
0x00007fff09fd0000 - 0x00007fff09fdf000 	C:\Program Files\Android\Android Studio\jre\jre\bin\verify.dll
0x00007fff07fb0000 - 0x00007fff07fd9000 	C:\Program Files\Android\Android Studio\jre\jre\bin\java.dll
0x00007fff04600000 - 0x00007fff04616000 	C:\Program Files\Android\Android Studio\jre\jre\bin\zip.dll
0x00007fff0f290000 - 0x00007fff106c8000 	C:\Windows\System32\SHELL32.dll
0x00007fff0f060000 - 0x00007fff0f106000 	C:\Windows\System32\shcore.dll
0x00007fff0d0c0000 - 0x00007fff0d807000 	C:\Windows\System32\windows.storage.dll
0x00007fff10a00000 - 0x00007fff10a51000 	C:\Windows\System32\shlwapi.dll
0x00007fff0d0a0000 - 0x00007fff0d0b1000 	C:\Windows\System32\kernel.appcore.dll
0x00007fff0d030000 - 0x00007fff0d07c000 	C:\Windows\System32\powrprof.dll
0x00007fff0d010000 - 0x00007fff0d02b000 	C:\Windows\System32\profapi.dll
0x00007fff0ca00000 - 0x00007fff0ca17000 	C:\Windows\SYSTEM32\CRYPTSP.dll
0x00007fff0c440000 - 0x00007fff0c473000 	C:\Windows\system32\rsaenh.dll
0x00007fff0cb70000 - 0x00007fff0cb95000 	C:\Windows\SYSTEM32\bcrypt.dll
0x00007fff0cf40000 - 0x00007fff0cf69000 	C:\Windows\SYSTEM32\USERENV.dll
0x00007fff0ca20000 - 0x00007fff0ca2b000 	C:\Windows\SYSTEM32\CRYPTBASE.dll
0x00007ffefe160000 - 0x00007ffefe17a000 	C:\Program Files\Android\Android Studio\jre\jre\bin\net.dll
0x00007fff0c840000 - 0x00007fff0c8a6000 	C:\Windows\system32\mswsock.dll
0x00007fff0c5d0000 - 0x00007fff0c609000 	C:\Windows\SYSTEM32\IPHLPAPI.DLL
0x00007fff0e2e0000 - 0x00007fff0e2e8000 	C:\Windows\System32\NSI.dll
0x00007fff08fd0000 - 0x00007fff08fe6000 	C:\Windows\SYSTEM32\dhcpcsvc6.DLL
0x00007fff08f60000 - 0x00007fff08f7a000 	C:\Windows\SYSTEM32\dhcpcsvc.DLL
0x00007ffefb9c0000 - 0x00007ffefb9d1000 	C:\Program Files\Android\Android Studio\jre\jre\bin\nio.dll

VM Arguments:
jvm_args: -Djava.awt.headless=true -Xmx64M -Dfile.encoding=windows-1251 -Duser.country=RU -Duser.language=ru -Duser.variant 
java_command: com.google.devtools.build.android.desugar.Desugar --input C:\Users\PC\git\HttpTest\app\build\intermediates\transforms\stackFramesFixer\debug\8.jar --output C:\Users\PC\git\HttpTest\app\build\intermediates\transforms\desugar\debug\8.jar --input C:\Users\PC\git\HttpTest\app\build\intermediates\transforms\stackFramesFixer\debug\22.jar --output C:\Users\PC\git\HttpTest\app\build\intermediates\transforms\desugar\debug\22.jar --input C:\Users\PC\git\HttpTest\app\build\intermediates\transforms\stackFramesFixer\debug\15.jar --output C:\Users\PC\git\HttpTest\app\build\intermediates\transforms\desugar\debug\15.jar --input C:\Users\PC\git\HttpTest\app\build\intermediates\transforms\stackFramesFixer\debug\0.jar --output C:\Users\PC\git\HttpTest\app\build\intermediates\transforms\desugar\debug\1.jar --input C:\Users\PC\git\HttpTest\app\build\intermediates\transforms\stackFramesFixer\debug\14.jar --output C:\Users\PC\git\HttpTest\app\build\intermediates\transforms\desugar\debug\14.jar --input C:\Users\PC\git\HttpTest\app\build\intermediates\transforms\stackFramesFixer\debug\21.jar --output C:\Users\PC\git\HttpTest\app\build\intermediates\transforms\desugar\debug\21.jar --classpath_entry C:\Users\PC\git\HttpTest\app\build\intermediates\classes\debug --classpath_entry C:\Users\PC\git\HttpTest\app\build\intermediates\transforms\stackFramesFixer\debug\0.jar --classpath_entry C:\Users\PC\git\HttpTest\app\build\intermediates\transforms\stackFramesFixer\debug\1.jar --classpath_entry C:\Users\PC\git\HttpTest\app\build\intermediates\transforms\stackFramesFixer\debug\3.jar --classpath_entry C:\Users\PC\git\HttpTest\app\build\intermediates\transforms\stackFramesFixer\debug\4.jar --classpath_entry C:\Users\PC\git\HttpTest\app\build\intermediates\transforms\stackFramesFixer\debug\5.jar --classpath_entry C:\Users\PC\git\HttpTest\app\build\intermediates\transforms\stackFramesFixer\debug\6.jar --classpath_entry C:\Users\PC\git\HttpTest\app\build\intermediates\transforms\stackFram
java_class_path (initial): C:\Users\PC\AppData\Local\Temp\desugar_deploy.jar3166898222981576097
Launcher Type: SUN_STANDARD

Environment Variables:
JAVA_HOME=C:\Program Files\Java\jdk1.8.0_171
PATH=C:\Windows\system32;C:\Windows;C:\Windows\System32\Wbem;C:\Windows\System32\WindowsPowerShell\v1.0\;C:\Program Files (x86)\NVIDIA Corporation\PhysX\Common;C:\Program Files\Git\cmd;C:\Program Files\Java\jdk1.8.0_171\bin;C:\ProgramData\chocolatey\bin;C:\Program Files (x86)\PuTTY\;C:\Users\PC\AppData\Local\Microsoft\WindowsApps;C:\Users\PC\AppData\Local\atom\bin
USERNAME=PC
OS=Windows_NT
PROCESSOR_IDENTIFIER=Intel64 Family 6 Model 158 Stepping 9, GenuineIntel



---------------  S Y S T E M  ---------------

OS: Windows 10.0 , 64 bit Build 16299 (10.0.16299.431)

CPU:total 4 (initial active 4) (4 cores per cpu, 1 threads per core) family 6 model 158 stepping 9, cmov, cx8, fxsr, mmx, sse, sse2, sse3, ssse3, sse4.1, sse4.2, popcnt, avx, avx2, aes, clmul, erms, rtm, 3dnowpref, lzcnt, tsc, tscinvbit, bmi1, bmi2, adx

Memory: 4k page, physical 8352828k(981024k free), swap 10849864k(2624k free)

vm_info: OpenJDK 64-Bit Server VM (25.152-b01) for windows-amd64 JRE (1.8.0_152-release-915-b01), built by "builder" with MS VC++ 10.0 (VS2010)

time: Mon Sep 17 15:20:41 2018
elapsed time: 3 seconds (0d 0h 0m 3s)

