#
# There is insufficient memory for the Java Runtime Environment to continue.
# Native memory allocation (malloc) failed to allocate 702576 bytes for Chunk::new
# Possible reasons:
#   The system is out of physical RAM or swap space
#   In 32 bit mode, the process size limit was hit
# Possible solutions:
#   Reduce memory load on the system
#   Increase physical memory or swap space
#   Check if swap backing store is full
#   Use 64 bit Java on a 64 bit OS
#   Decrease Java heap size (-Xmx/-Xms)
#   Decrease number of Java threads
#   Decrease Java thread stack sizes (-Xss)
#   Set larger code cache with -XX:ReservedCodeCacheSize=
# This output file may be truncated or incomplete.
#
#  Out of Memory Error (allocation.cpp:390), pid=4704, tid=0x0000000000001658
#
# JRE version: OpenJDK Runtime Environment (8.0_152-b01) (build 1.8.0_152-release-915-b01)
# Java VM: OpenJDK 64-Bit Server VM (25.152-b01 mixed mode windows-amd64 compressed oops)
# Failed to write core dump. Minidumps are not enabled by default on client versions of Windows
#

---------------  T H R E A D  ---------------

Current thread (0x000000001485b000):  JavaThread "C2 CompilerThread0" daemon [_thread_in_native, id=5720, stack(0x0000000015eb0000,0x0000000015fb0000)]

Stack: [0x0000000015eb0000,0x0000000015fb0000]
[error occurred during error reporting (printing stack bounds), id 0xc0000005]

Native frames: (J=compiled Java code, j=interpreted, Vv=VM code, C=native code)


Current CompileTask:
C2:    954  851 %     4       org.objectweb.asm.ClassReader::a @ 1480 (3587 bytes)


---------------  P R O C E S S  ---------------

Java Threads: ( => current thread )
  0x00000000148be800 JavaThread "Service Thread" daemon [_thread_blocked, id=332, stack(0x00000000165b0000,0x00000000166b0000)]
  0x0000000014862800 JavaThread "C1 CompilerThread2" daemon [_thread_blocked, id=5924, stack(0x00000000160b0000,0x00000000161b0000)]
  0x000000001485e000 JavaThread "C2 CompilerThread1" daemon [_thread_blocked, id=8556, stack(0x0000000015fb0000,0x00000000160b0000)]
=>0x000000001485b000 JavaThread "C2 CompilerThread0" daemon [_thread_in_native, id=5720, stack(0x0000000015eb0000,0x0000000015fb0000)]
  0x000000001486a800 JavaThread "Attach Listener" daemon [_thread_blocked, id=8176, stack(0x0000000015db0000,0x0000000015eb0000)]
  0x0000000014869800 JavaThread "Signal Dispatcher" daemon [_thread_blocked, id=11252, stack(0x0000000015cb0000,0x0000000015db0000)]
  0x00000000044b9000 JavaThread "Finalizer" daemon [_thread_blocked, id=8596, stack(0x0000000015ab0000,0x0000000015bb0000)]
  0x00000000044b3800 JavaThread "Reference Handler" daemon [_thread_blocked, id=2008, stack(0x00000000159b0000,0x0000000015ab0000)]
  0x00000000043c3800 JavaThread "main" [_thread_in_native, id=9596, stack(0x0000000004260000,0x0000000004360000)]

Other Threads:
  0x0000000014825000 VMThread [stack: 0x00000000158b0000,0x00000000159b0000] [id=7516]
  0x00000000161ca000 WatcherThread [stack: 0x00000000166b0000,0x00000000167b0000] [id=2544]

VM state:not at safepoint (normal execution)

VM Mutex/Monitor currently owned by a thread: None

Heap:
 PSYoungGen      total 18944K, used 8155K [0x00000000feb00000, 0x0000000100000000, 0x0000000100000000)
  eden space 16384K, 34% used [0x00000000feb00000,0x00000000ff0790a0,0x00000000ffb00000)
  from space 2560K, 99% used [0x00000000ffd80000,0x00000000ffffdbc0,0x0000000100000000)
  to   space 2560K, 0% used [0x00000000ffb00000,0x00000000ffb00000,0x00000000ffd80000)
 ParOldGen       total 44032K, used 4789K [0x00000000fc000000, 0x00000000feb00000, 0x00000000feb00000)
  object space 44032K, 10% used [0x00000000fc000000,0x00000000fc4ad790,0x00000000feb00000)
 Metaspace       used 7517K, capacity 7720K, committed 7936K, reserved 1056768K
  class space    used 868K, capacity 956K, committed 1024K, reserved 1048576K

Card table byte_map: [0x0000000004360000,0x0000000004390000] byte_map_base: 0x0000000003b80000

Marking Bits: (ParMarkBitMap*) 0x0000000059243950
 Begin Bits: [0x0000000013ca0000, 0x0000000013da0000)
 End Bits:   [0x0000000013da0000, 0x0000000013ea0000)

Polling page: 0x0000000002970000

CodeCache: size=245760Kb used=3564Kb max_used=3576Kb free=242195Kb
 bounds [0x00000000044c0000, 0x0000000004850000, 0x00000000134c0000]
 total_blobs=1247 nmethods=916 adapters=245
 compilation: enabled

Compilation events (10 events):
Event: 0.858 Thread 0x000000001485e000  914       4       org.objectweb.asm.tree.MethodNode::getLabelNodes (51 bytes)
Event: 0.860 Thread 0x000000001485e000 nmethod 914 0x0000000004831f90 code [0x00000000048320e0, 0x0000000004832338]
Event: 0.860 Thread 0x000000001485e000  910       4       org.objectweb.asm.tree.MethodNode::getLabelNode (29 bytes)
Event: 0.861 Thread 0x000000001485e000 nmethod 910 0x0000000004834610 code [0x0000000004834760, 0x00000000048348b8]
Event: 0.861 Thread 0x000000001485e000  902       4       org.objectweb.asm.tree.MethodNode::visitLabel (13 bytes)
Event: 0.863 Thread 0x000000001485e000 nmethod 902 0x0000000004834150 code [0x00000000048342a0, 0x0000000004834478]
Event: 0.863 Thread 0x000000001485e000  900       4       org.objectweb.asm.ClassWriter::a (70 bytes)
Event: 0.870 Thread 0x000000001485e000 nmethod 900 0x00000000048366d0 code [0x00000000048368a0, 0x0000000004837050]
Event: 0.870 Thread 0x000000001485e000  909       4       org.objectweb.asm.MethodVisitor::visitFieldInsn (20 bytes)
Event: 0.909 Thread 0x000000001485e000 nmethod 909 0x000000000483d7d0 code [0x000000000483dae0, 0x000000000483fc38]

GC Heap History (4 events):
Event: 0.496 GC heap before
{Heap before GC invocations=1 (full 0):
 PSYoungGen      total 18944K, used 16384K [0x00000000feb00000, 0x0000000100000000, 0x0000000100000000)
  eden space 16384K, 100% used [0x00000000feb00000,0x00000000ffb00000,0x00000000ffb00000)
  from space 2560K, 0% used [0x00000000ffd80000,0x00000000ffd80000,0x0000000100000000)
  to   space 2560K, 0% used [0x00000000ffb00000,0x00000000ffb00000,0x00000000ffd80000)
 ParOldGen       total 44032K, used 0K [0x00000000fc000000, 0x00000000feb00000, 0x00000000feb00000)
  object space 44032K, 0% used [0x00000000fc000000,0x00000000fc000000,0x00000000feb00000)
 Metaspace       used 6508K, capacity 6682K, committed 6784K, reserved 1056768K
  class space    used 768K, capacity 823K, committed 896K, reserved 1048576K
Event: 0.499 GC heap after
Heap after GC invocations=1 (full 0):
 PSYoungGen      total 18944K, used 2528K [0x00000000feb00000, 0x0000000100000000, 0x0000000100000000)
  eden space 16384K, 0% used [0x00000000feb00000,0x00000000feb00000,0x00000000ffb00000)
  from space 2560K, 98% used [0x00000000ffb00000,0x00000000ffd78030,0x00000000ffd80000)
  to   space 2560K, 0% used [0x00000000ffd80000,0x00000000ffd80000,0x0000000100000000)
 ParOldGen       total 44032K, used 1558K [0x00000000fc000000, 0x00000000feb00000, 0x00000000feb00000)
  object space 44032K, 3% used [0x00000000fc000000,0x00000000fc185a40,0x00000000feb00000)
 Metaspace       used 6508K, capacity 6682K, committed 6784K, reserved 1056768K
  class space    used 768K, capacity 823K, committed 896K, reserved 1048576K
}
Event: 0.805 GC heap before
{Heap before GC invocations=2 (full 0):
 PSYoungGen      total 18944K, used 18912K [0x00000000feb00000, 0x0000000100000000, 0x0000000100000000)
  eden space 16384K, 100% used [0x00000000feb00000,0x00000000ffb00000,0x00000000ffb00000)
  from space 2560K, 98% used [0x00000000ffb00000,0x00000000ffd78030,0x00000000ffd80000)
  to   space 2560K, 0% used [0x00000000ffd80000,0x00000000ffd80000,0x0000000100000000)
 ParOldGen       total 44032K, used 1558K [0x00000000fc000000, 0x00000000feb00000, 0x00000000feb00000)
  object space 44032K, 3% used [0x00000000fc000000,0x00000000fc185a40,0x00000000feb00000)
 Metaspace       used 7500K, capacity 7720K, committed 7936K, reserved 1056768K
  class space    used 868K, capacity 956K, committed 1024K, reserved 1048576K
Event: 0.815 GC heap after
Heap after GC invocations=2 (full 0):
 PSYoungGen      total 18944K, used 2550K [0x00000000feb00000, 0x0000000100000000, 0x0000000100000000)
  eden space 16384K, 0% used [0x00000000feb00000,0x00000000feb00000,0x00000000ffb00000)
  from space 2560K, 99% used [0x00000000ffd80000,0x00000000ffffdbc0,0x0000000100000000)
  to   space 2560K, 0% used [0x00000000ffb00000,0x00000000ffb00000,0x00000000ffd80000)
 ParOldGen       total 44032K, used 4789K [0x00000000fc000000, 0x00000000feb00000, 0x00000000feb00000)
  object space 44032K, 10% used [0x00000000fc000000,0x00000000fc4ad790,0x00000000feb00000)
 Metaspace       used 7500K, capacity 7720K, committed 7936K, reserved 1056768K
  class space    used 868K, capacity 956K, committed 1024K, reserved 1048576K
}

Deoptimization events (10 events):
Event: 0.470 Thread 0x00000000043c3800 Uncommon trap: reason=unstable_if action=reinterpret pc=0x00000000046d26c8 method=java.util.zip.ZipFile$ZipEntryIterator.hasNext()Z @ 25
Event: 0.470 Thread 0x00000000043c3800 Uncommon trap: reason=unstable_if action=reinterpret pc=0x00000000046d3030 method=java.util.zip.ZipCoder.decoder()Ljava/nio/charset/CharsetDecoder; @ 4
Event: 0.472 Thread 0x00000000043c3800 Uncommon trap: reason=unstable_if action=reinterpret pc=0x00000000046d201c method=java.util.zip.ZipFile$ZipEntryIterator.hasNext()Z @ 25
Event: 0.510 Thread 0x00000000043c3800 Uncommon trap: reason=unstable_if action=reinterpret pc=0x00000000046e54e8 method=java.util.zip.ZipCoder.decoder()Ljava/nio/charset/CharsetDecoder; @ 4
Event: 0.510 Thread 0x00000000043c3800 Uncommon trap: reason=unstable_if action=reinterpret pc=0x00000000046e083c method=java.util.zip.ZipCoder.decoder()Ljava/nio/charset/CharsetDecoder; @ 4
Event: 0.574 Thread 0x00000000043c3800 Uncommon trap: reason=unloaded action=reinterpret pc=0x00000000046e273c method=java.util.zip.ZipEntry.setExtra0([BZ)V @ 37
Event: 0.724 Thread 0x00000000043c3800 Uncommon trap: reason=unstable_if action=reinterpret pc=0x000000000478db9c method=org.objectweb.asm.ClassReader.readUTF8(I[C)Ljava/lang/String; @ 11
Event: 0.746 Thread 0x00000000043c3800 Uncommon trap: reason=unstable_if action=reinterpret pc=0x0000000004797310 method=java.lang.String.<init>([CII)V @ 18
Event: 0.760 Thread 0x00000000043c3800 Uncommon trap: reason=unstable_if action=reinterpret pc=0x00000000047d9c64 method=org.objectweb.asm.ClassReader.readUTF8(I[C)Ljava/lang/String; @ 7
Event: 0.760 Thread 0x00000000043c3800 Uncommon trap: reason=unstable_if action=reinterpret pc=0x00000000046a4970 method=java.lang.String.<init>([CII)V @ 18

Classes redefined (0 events):
No events

Internal exceptions (10 events):
Event: 0.510 Thread 0x00000000043c3800 Implicit null exception at 0x00000000046dff0c to 0x00000000046e07fd
Event: 0.533 Thread 0x00000000043c3800 Exception <a 'sun/nio/fs/WindowsException'> (0x00000000ff16db90) thrown at [D:\src\AOSP-openjdk-cygwin\jdk8u\hotspot\src\share\vm\prims\jni.cpp, line 709]
Event: 0.533 Thread 0x00000000043c3800 Exception <a 'sun/nio/fs/WindowsException'> (0x00000000ff16e150) thrown at [D:\src\AOSP-openjdk-cygwin\jdk8u\hotspot\src\share\vm\prims\jni.cpp, line 709]
Event: 0.533 Thread 0x00000000043c3800 Exception <a 'sun/nio/fs/WindowsException'> (0x00000000ff16e708) thrown at [D:\src\AOSP-openjdk-cygwin\jdk8u\hotspot\src\share\vm\prims\jni.cpp, line 709]
Event: 0.533 Thread 0x00000000043c3800 Exception <a 'sun/nio/fs/WindowsException'> (0x00000000ff16eec8) thrown at [D:\src\AOSP-openjdk-cygwin\jdk8u\hotspot\src\share\vm\prims\jni.cpp, line 709]
Event: 0.533 Thread 0x00000000043c3800 Exception <a 'sun/nio/fs/WindowsException'> (0x00000000ff16f458) thrown at [D:\src\AOSP-openjdk-cygwin\jdk8u\hotspot\src\share\vm\prims\jni.cpp, line 709]
Event: 0.533 Thread 0x00000000043c3800 Exception <a 'sun/nio/fs/WindowsException'> (0x00000000ff16fc08) thrown at [D:\src\AOSP-openjdk-cygwin\jdk8u\hotspot\src\share\vm\prims\jni.cpp, line 709]
Event: 0.545 Thread 0x00000000043c3800 Exception <a 'sun/nio/fs/WindowsException'> (0x00000000ff174f30) thrown at [D:\src\AOSP-openjdk-cygwin\jdk8u\hotspot\src\share\vm\prims\jni.cpp, line 709]
Event: 0.600 Thread 0x00000000043c3800 Exception <a 'sun/nio/fs/WindowsException'> (0x00000000ff427588) thrown at [D:\src\AOSP-openjdk-cygwin\jdk8u\hotspot\src\share\vm\prims\jni.cpp, line 709]
Event: 0.600 Thread 0x00000000043c3800 Exception <a 'sun/nio/fs/WindowsException'> (0x00000000ff427b00) thrown at [D:\src\AOSP-openjdk-cygwin\jdk8u\hotspot\src\share\vm\prims\jni.cpp, line 709]

Events (10 events):
Event: 0.760 Thread 0x00000000043c3800 Uncommon trap: trap_request=0xffffff65 fr.pc=0x00000000047d9c64
Event: 0.760 Thread 0x00000000043c3800 DEOPT PACKING pc=0x00000000047d9c64 sp=0x000000000435eb40
Event: 0.760 Thread 0x00000000043c3800 DEOPT UNPACKING pc=0x000000000450556a sp=0x000000000435eb10 mode 2
Event: 0.760 Thread 0x00000000043c3800 Uncommon trap: trap_request=0xffffff65 fr.pc=0x00000000046a4970
Event: 0.760 Thread 0x00000000043c3800 DEOPT PACKING pc=0x00000000046a4970 sp=0x000000000435e9a0
Event: 0.760 Thread 0x00000000043c3800 DEOPT UNPACKING pc=0x000000000450556a sp=0x000000000435e968 mode 2
Event: 0.805 Executing VM operation: ParallelGCFailedAllocation
Event: 0.815 Executing VM operation: ParallelGCFailedAllocation done
Event: 0.848 loading class java/util/Vector$Itr
Event: 0.848 loading class java/util/Vector$Itr done


Dynamic libraries:
0x00007ff60e000000 - 0x00007ff60e031000 	C:\Program Files\Android\Android Studio\jre\bin\java.exe
0x00007ffd5def0000 - 0x00007ffd5e0d0000 	C:\Windows\SYSTEM32\ntdll.dll
0x00007ffd5b620000 - 0x00007ffd5b6ce000 	C:\Windows\System32\KERNEL32.DLL
0x00007ffd5a8a0000 - 0x00007ffd5ab06000 	C:\Windows\System32\KERNELBASE.dll
0x00007ffd5ddd0000 - 0x00007ffd5de71000 	C:\Windows\System32\ADVAPI32.dll
0x00007ffd5b460000 - 0x00007ffd5b4fd000 	C:\Windows\System32\msvcrt.dll
0x00007ffd5d730000 - 0x00007ffd5d78b000 	C:\Windows\System32\sechost.dll
0x00007ffd5b500000 - 0x00007ffd5b61f000 	C:\Windows\System32\RPCRT4.dll
0x00007ffd5d960000 - 0x00007ffd5daef000 	C:\Windows\System32\USER32.dll
0x00007ffd5a4c0000 - 0x00007ffd5a4e0000 	C:\Windows\System32\win32u.dll
0x00007ffd5de80000 - 0x00007ffd5dea8000 	C:\Windows\System32\GDI32.dll
0x00007ffd5a700000 - 0x00007ffd5a893000 	C:\Windows\System32\gdi32full.dll
0x00007ffd5a660000 - 0x00007ffd5a6fb000 	C:\Windows\System32\msvcp_win.dll
0x00007ffd5a4e0000 - 0x00007ffd5a5d5000 	C:\Windows\System32\ucrtbase.dll
0x00007ffd50190000 - 0x00007ffd503f9000 	C:\Windows\WinSxS\amd64_microsoft.windows.common-controls_6595b64144ccf1df_6.0.16299.611_none_15c7d8029365981f\COMCTL32.dll
0x00007ffd5d070000 - 0x00007ffd5d377000 	C:\Windows\System32\combase.dll
0x00007ffd5a5e0000 - 0x00007ffd5a652000 	C:\Windows\System32\bcryptPrimitives.dll
0x00007ffd5dda0000 - 0x00007ffd5ddcd000 	C:\Windows\System32\IMM32.DLL
0x00000000588c0000 - 0x0000000058992000 	C:\Program Files\Android\Android Studio\jre\jre\bin\msvcr100.dll
0x0000000058a80000 - 0x00000000592be000 	C:\Program Files\Android\Android Studio\jre\jre\bin\server\jvm.dll
0x00007ffd5d590000 - 0x00007ffd5d598000 	C:\Windows\System32\PSAPI.DLL
0x00007ffd56fd0000 - 0x00007ffd56fd9000 	C:\Windows\SYSTEM32\WSOCK32.dll
0x00007ffd5d7a0000 - 0x00007ffd5d80c000 	C:\Windows\System32\WS2_32.dll
0x00007ffd584f0000 - 0x00007ffd58513000 	C:\Windows\SYSTEM32\WINMM.dll
0x00007ffd53d80000 - 0x00007ffd53d8a000 	C:\Windows\SYSTEM32\VERSION.dll
0x00007ffd58490000 - 0x00007ffd584ba000 	C:\Windows\SYSTEM32\WINMMBASE.dll
0x00007ffd5b370000 - 0x00007ffd5b3ba000 	C:\Windows\System32\cfgmgr32.dll
0x00007ffd51930000 - 0x00007ffd5193f000 	C:\Program Files\Android\Android Studio\jre\jre\bin\verify.dll
0x00007ffd3d100000 - 0x00007ffd3d129000 	C:\Program Files\Android\Android Studio\jre\jre\bin\java.dll
0x00007ffd42280000 - 0x00007ffd42296000 	C:\Program Files\Android\Android Studio\jre\jre\bin\zip.dll
0x00007ffd5bbd0000 - 0x00007ffd5d008000 	C:\Windows\System32\SHELL32.dll
0x00007ffd5b6d0000 - 0x00007ffd5b776000 	C:\Windows\System32\shcore.dll
0x00007ffd5abc0000 - 0x00007ffd5b307000 	C:\Windows\System32\windows.storage.dll
0x00007ffd5d3e0000 - 0x00007ffd5d431000 	C:\Windows\System32\shlwapi.dll
0x00007ffd5a2b0000 - 0x00007ffd5a2c1000 	C:\Windows\System32\kernel.appcore.dll
0x00007ffd5a260000 - 0x00007ffd5a2ac000 	C:\Windows\System32\powrprof.dll
0x00007ffd5a2d0000 - 0x00007ffd5a2eb000 	C:\Windows\System32\profapi.dll
0x00007ffd59c30000 - 0x00007ffd59c47000 	C:\Windows\SYSTEM32\CRYPTSP.dll
0x00007ffd59670000 - 0x00007ffd596a3000 	C:\Windows\system32\rsaenh.dll
0x00007ffd59da0000 - 0x00007ffd59dc5000 	C:\Windows\SYSTEM32\bcrypt.dll
0x00007ffd5a170000 - 0x00007ffd5a199000 	C:\Windows\SYSTEM32\USERENV.dll
0x00007ffd59c50000 - 0x00007ffd59c5b000 	C:\Windows\SYSTEM32\CRYPTBASE.dll
0x00007ffd4c8e0000 - 0x00007ffd4c8fa000 	C:\Program Files\Android\Android Studio\jre\jre\bin\net.dll
0x00007ffd59a70000 - 0x00007ffd59ad6000 	C:\Windows\system32\mswsock.dll
0x00007ffd59800000 - 0x00007ffd59839000 	C:\Windows\SYSTEM32\IPHLPAPI.DLL
0x00007ffd5deb0000 - 0x00007ffd5deb8000 	C:\Windows\System32\NSI.dll
0x00007ffd561b0000 - 0x00007ffd561c6000 	C:\Windows\SYSTEM32\dhcpcsvc6.DLL
0x00007ffd56190000 - 0x00007ffd561aa000 	C:\Windows\SYSTEM32\dhcpcsvc.DLL
0x00007ffd4c840000 - 0x00007ffd4c851000 	C:\Program Files\Android\Android Studio\jre\jre\bin\nio.dll

VM Arguments:
jvm_args: -Djava.awt.headless=true -Xmx64M -Dfile.encoding=windows-1251 -Duser.country=RU -Duser.language=ru -Duser.variant 
java_command: com.google.devtools.build.android.desugar.Desugar --input C:\Users\PC\git\HttpTest\app\build\intermediates\transforms\stackFramesFixer\debug\11.jar --output C:\Users\PC\git\HttpTest\app\build\intermediates\transforms\desugar\debug\12.jar --input C:\Users\PC\git\HttpTest\app\build\intermediates\transforms\stackFramesFixer\debug\3.jar --output C:\Users\PC\git\HttpTest\app\build\intermediates\transforms\desugar\debug\4.jar --input C:\Users\PC\git\HttpTest\app\build\intermediates\classes\debug --output C:\Users\PC\git\HttpTest\app\build\intermediates\transforms\desugar\debug\0 --input C:\Users\PC\git\HttpTest\app\build\intermediates\transforms\stackFramesFixer\debug\24.jar --output C:\Users\PC\git\HttpTest\app\build\intermediates\transforms\desugar\debug\25.jar --input C:\Users\PC\git\HttpTest\app\build\intermediates\transforms\stackFramesFixer\debug\10.jar --output C:\Users\PC\git\HttpTest\app\build\intermediates\transforms\desugar\debug\11.jar --input C:\Users\PC\git\HttpTest\app\build\intermediates\transforms\stackFramesFixer\debug\19.jar --output C:\Users\PC\git\HttpTest\app\build\intermediates\transforms\desugar\debug\20.jar --input C:\Users\PC\git\HttpTest\app\build\intermediates\transforms\stackFramesFixer\debug\0.jar --output C:\Users\PC\git\HttpTest\app\build\intermediates\transforms\desugar\debug\1.jar --input C:\Users\PC\git\HttpTest\app\build\intermediates\transforms\stackFramesFixer\debug\18.jar --output C:\Users\PC\git\HttpTest\app\build\intermediates\transforms\desugar\debug\19.jar --classpath_entry C:\Users\PC\git\HttpTest\app\build\intermediates\classes\debug --classpath_entry C:\Users\PC\git\HttpTest\app\build\intermediates\transforms\stackFramesFixer\debug\0.jar --classpath_entry C:\Users\PC\git\HttpTest\app\build\intermediates\transforms\stackFramesFixer\debug\1.jar --classpath_entry C:\Users\PC\git\HttpTest\app\build\intermediates\transforms\stackFramesFixer\debug\2.jar --classpath_entry C:\Users\PC\git\HttpTest\app\build\intermediat
java_class_path (initial): C:\Users\PC\AppData\Local\Temp\desugar_deploy.jar1873233598249578448
Launcher Type: SUN_STANDARD

Environment Variables:
JAVA_HOME=C:\Program Files\Java\jdk1.8.0_171
PATH=C:\Windows\system32;C:\Windows;C:\Windows\System32\Wbem;C:\Windows\System32\WindowsPowerShell\v1.0\;C:\Program Files (x86)\NVIDIA Corporation\PhysX\Common;C:\Program Files\Git\cmd;C:\Program Files\Java\jdk1.8.0_171\bin;C:\ProgramData\chocolatey\bin;C:\Program Files (x86)\PuTTY\;C:\Users\PC\AppData\Local\Microsoft\WindowsApps;C:\Users\PC\AppData\Local\atom\bin
USERNAME=PC
OS=Windows_NT
PROCESSOR_IDENTIFIER=Intel64 Family 6 Model 158 Stepping 9, GenuineIntel



---------------  S Y S T E M  ---------------

OS: Windows 10.0 , 64 bit Build 16299 (10.0.16299.431)

CPU:total 4 (initial active 4) (4 cores per cpu, 1 threads per core) family 6 model 158 stepping 9, cmov, cx8, fxsr, mmx, sse, sse2, sse3, ssse3, sse4.1, sse4.2, popcnt, avx, avx2, aes, clmul, erms, rtm, 3dnowpref, lzcnt, tsc, tscinvbit, bmi1, bmi2, adx

Memory: 4k page, physical 8352828k(1233576k free), swap 11730488k(3812k free)

vm_info: OpenJDK 64-Bit Server VM (25.152-b01) for windows-amd64 JRE (1.8.0_152-release-915-b01), built by "builder" with MS VC++ 10.0 (VS2010)

time: Mon Oct 15 12:37:33 2018
elapsed time: 0 seconds (0d 0h 0m 0s)

