#
# There is insufficient memory for the Java Runtime Environment to continue.
# Native memory allocation (malloc) failed to allocate 2552016 bytes for Chunk::new
# Possible reasons:
#   The system is out of physical RAM or swap space
#   In 32 bit mode, the process size limit was hit
# Possible solutions:
#   Reduce memory load on the system
#   Increase physical memory or swap space
#   Check if swap backing store is full
#   Use 64 bit Java on a 64 bit OS
#   Decrease Java heap size (-Xmx/-Xms)
#   Decrease number of Java threads
#   Decrease Java thread stack sizes (-Xss)
#   Set larger code cache with -XX:ReservedCodeCacheSize=
# This output file may be truncated or incomplete.
#
#  Out of Memory Error (allocation.cpp:390), pid=2316, tid=0x0000000000002578
#
# JRE version: OpenJDK Runtime Environment (8.0_152-b01) (build 1.8.0_152-release-915-b01)
# Java VM: OpenJDK 64-Bit Server VM (25.152-b01 mixed mode windows-amd64 compressed oops)
# Failed to write core dump. Minidumps are not enabled by default on client versions of Windows
#

---------------  T H R E A D  ---------------

Current thread (0x0000000014bab800):  JavaThread "C2 CompilerThread0" daemon [_thread_in_native, id=9592, stack(0x00000000161f0000,0x00000000162f0000)]

Stack: [0x00000000161f0000,0x00000000162f0000]
[error occurred during error reporting (printing stack bounds), id 0xc0000005]

Native frames: (J=compiled Java code, j=interpreted, Vv=VM code, C=native code)


Current CompileTask:
C2:   3373  966 %     4       org.objectweb.asm.ClassReader::a @ 74 (3587 bytes)


---------------  P R O C E S S  ---------------

Java Threads: ( => current thread )
  0x00000000163f6800 JavaThread "Service Thread" daemon [_thread_blocked, id=6116, stack(0x00000000168f0000,0x00000000169f0000)]
  0x00000000163f2800 JavaThread "C1 CompilerThread2" daemon [_thread_blocked, id=1580, stack(0x00000000167f0000,0x00000000168f0000)]
  0x0000000014bfa800 JavaThread "C2 CompilerThread1" daemon [_thread_in_native, id=10768, stack(0x00000000162f0000,0x00000000163f0000)]
=>0x0000000014bab800 JavaThread "C2 CompilerThread0" daemon [_thread_in_native, id=9592, stack(0x00000000161f0000,0x00000000162f0000)]
  0x0000000014baa800 JavaThread "Attach Listener" daemon [_thread_blocked, id=4512, stack(0x00000000160f0000,0x00000000161f0000)]
  0x0000000014ba9000 JavaThread "Signal Dispatcher" daemon [_thread_blocked, id=6400, stack(0x0000000015ff0000,0x00000000160f0000)]
  0x0000000004838800 JavaThread "Finalizer" daemon [_thread_blocked, id=6592, stack(0x0000000015df0000,0x0000000015ef0000)]
  0x0000000004833800 JavaThread "Reference Handler" daemon [_thread_blocked, id=5452, stack(0x0000000015cf0000,0x0000000015df0000)]
  0x0000000004743800 JavaThread "main" [_thread_in_vm, id=6440, stack(0x0000000004440000,0x0000000004540000)]

Other Threads:
  0x0000000014b65000 VMThread [stack: 0x0000000015bf0000,0x0000000015cf0000] [id=6660]
  0x00000000163f9000 WatcherThread [stack: 0x00000000169f0000,0x0000000016af0000] [id=2644]

VM state:not at safepoint (normal execution)

VM Mutex/Monitor currently owned by a thread: None

Heap:
 PSYoungGen      total 18944K, used 13013K [0x00000000feb00000, 0x0000000100000000, 0x0000000100000000)
  eden space 16384K, 63% used [0x00000000feb00000,0x00000000ff53ae08,0x00000000ffb00000)
  from space 2560K, 99% used [0x00000000ffb00000,0x00000000ffd7a850,0x00000000ffd80000)
  to   space 2560K, 0% used [0x00000000ffd80000,0x00000000ffd80000,0x0000000100000000)
 ParOldGen       total 44032K, used 4857K [0x00000000fc000000, 0x00000000feb00000, 0x00000000feb00000)
  object space 44032K, 11% used [0x00000000fc000000,0x00000000fc4be790,0x00000000feb00000)
 Metaspace       used 7677K, capacity 7900K, committed 8192K, reserved 1056768K
  class space    used 871K, capacity 956K, committed 1024K, reserved 1048576K

Card table byte_map: [0x0000000002880000,0x00000000028b0000] byte_map_base: 0x00000000020a0000

Marking Bits: (ParMarkBitMap*) 0x0000000059243950
 Begin Bits: [0x0000000014000000, 0x0000000014100000)
 End Bits:   [0x0000000014100000, 0x0000000014200000)

Polling page: 0x0000000002850000

CodeCache: size=245760Kb used=4494Kb max_used=4506Kb free=241265Kb
 bounds [0x0000000004840000, 0x0000000004cb0000, 0x0000000013840000]
 total_blobs=1460 nmethods=1128 adapters=245
 compilation: enabled

Compilation events (10 events):
Event: 3.357 Thread 0x0000000014bfa800 nmethod 1128 0x0000000004ca5310 code [0x0000000004ca55e0, 0x0000000004ca5f68]
Event: 3.357 Thread 0x0000000014bfa800 1043       4       org.objectweb.asm.ClassVisitor::visitMethod (24 bytes)
Event: 3.358 Thread 0x0000000014bfa800 nmethod 1043 0x0000000004c94790 code [0x0000000004c948c0, 0x0000000004c94958]
Event: 3.358 Thread 0x0000000014bfa800 1021       4       org.objectweb.asm.tree.MethodNode::visitInsn (16 bytes)
Event: 3.359 Thread 0x0000000014bfa800 nmethod 1021 0x0000000004c9ad90 code [0x0000000004c9aee0, 0x0000000004c9b038]
Event: 3.359 Thread 0x0000000014bfa800 1109       4       org.objectweb.asm.ByteVector::putByteArray (49 bytes)
Event: 3.359 Thread 0x0000000014bfa800 nmethod 1109 0x0000000004c9a990 code [0x0000000004c9aae0, 0x0000000004c9ac38]
Event: 3.359 Thread 0x0000000014bfa800 1129       4       org.objectweb.asm.MethodVisitor::visitJumpInsn (17 bytes)
Event: 3.362 Thread 0x0000000014bfa800 nmethod 1129 0x0000000004ca4bd0 code [0x0000000004ca4d40, 0x0000000004ca5068]
Event: 3.362 Thread 0x0000000014bfa800 1133       4       org.objectweb.asm.MethodVisitor::visitMethodInsn (68 bytes)

GC Heap History (6 events):
Event: 0.652 GC heap before
{Heap before GC invocations=1 (full 0):
 PSYoungGen      total 18944K, used 16384K [0x00000000feb00000, 0x0000000100000000, 0x0000000100000000)
  eden space 16384K, 100% used [0x00000000feb00000,0x00000000ffb00000,0x00000000ffb00000)
  from space 2560K, 0% used [0x00000000ffd80000,0x00000000ffd80000,0x0000000100000000)
  to   space 2560K, 0% used [0x00000000ffb00000,0x00000000ffb00000,0x00000000ffd80000)
 ParOldGen       total 44032K, used 0K [0x00000000fc000000, 0x00000000feb00000, 0x00000000feb00000)
  object space 44032K, 0% used [0x00000000fc000000,0x00000000fc000000,0x00000000feb00000)
 Metaspace       used 6507K, capacity 6606K, committed 6784K, reserved 1056768K
  class space    used 769K, capacity 823K, committed 896K, reserved 1048576K
Event: 0.660 GC heap after
Heap after GC invocations=1 (full 0):
 PSYoungGen      total 18944K, used 2528K [0x00000000feb00000, 0x0000000100000000, 0x0000000100000000)
  eden space 16384K, 0% used [0x00000000feb00000,0x00000000feb00000,0x00000000ffb00000)
  from space 2560K, 98% used [0x00000000ffb00000,0x00000000ffd78030,0x00000000ffd80000)
  to   space 2560K, 0% used [0x00000000ffd80000,0x00000000ffd80000,0x0000000100000000)
 ParOldGen       total 44032K, used 1570K [0x00000000fc000000, 0x00000000feb00000, 0x00000000feb00000)
  object space 44032K, 3% used [0x00000000fc000000,0x00000000fc188a50,0x00000000feb00000)
 Metaspace       used 6507K, capacity 6606K, committed 6784K, reserved 1056768K
  class space    used 769K, capacity 823K, committed 896K, reserved 1048576K
}
Event: 1.115 GC heap before
{Heap before GC invocations=2 (full 0):
 PSYoungGen      total 18944K, used 18912K [0x00000000feb00000, 0x0000000100000000, 0x0000000100000000)
  eden space 16384K, 100% used [0x00000000feb00000,0x00000000ffb00000,0x00000000ffb00000)
  from space 2560K, 98% used [0x00000000ffb00000,0x00000000ffd78030,0x00000000ffd80000)
  to   space 2560K, 0% used [0x00000000ffd80000,0x00000000ffd80000,0x0000000100000000)
 ParOldGen       total 44032K, used 1570K [0x00000000fc000000, 0x00000000feb00000, 0x00000000feb00000)
  object space 44032K, 3% used [0x00000000fc000000,0x00000000fc188a50,0x00000000feb00000)
 Metaspace       used 7511K, capacity 7708K, committed 7936K, reserved 1056768K
  class space    used 868K, capacity 956K, committed 1024K, reserved 1048576K
Event: 1.120 GC heap after
Heap after GC invocations=2 (full 0):
 PSYoungGen      total 18944K, used 2547K [0x00000000feb00000, 0x0000000100000000, 0x0000000100000000)
  eden space 16384K, 0% used [0x00000000feb00000,0x00000000feb00000,0x00000000ffb00000)
  from space 2560K, 99% used [0x00000000ffd80000,0x00000000ffffcfa0,0x0000000100000000)
  to   space 2560K, 0% used [0x00000000ffb00000,0x00000000ffb00000,0x00000000ffd80000)
 ParOldGen       total 44032K, used 4745K [0x00000000fc000000, 0x00000000feb00000, 0x00000000feb00000)
  object space 44032K, 10% used [0x00000000fc000000,0x00000000fc4a2790,0x00000000feb00000)
 Metaspace       used 7511K, capacity 7708K, committed 7936K, reserved 1056768K
  class space    used 868K, capacity 956K, committed 1024K, reserved 1048576K
}
Event: 3.314 GC heap before
{Heap before GC invocations=3 (full 0):
 PSYoungGen      total 18944K, used 18931K [0x00000000feb00000, 0x0000000100000000, 0x0000000100000000)
  eden space 16384K, 100% used [0x00000000feb00000,0x00000000ffb00000,0x00000000ffb00000)
  from space 2560K, 99% used [0x00000000ffd80000,0x00000000ffffcfa0,0x0000000100000000)
  to   space 2560K, 0% used [0x00000000ffb00000,0x00000000ffb00000,0x00000000ffd80000)
 ParOldGen       total 44032K, used 4745K [0x00000000fc000000, 0x00000000feb00000, 0x00000000feb00000)
  object space 44032K, 10% used [0x00000000fc000000,0x00000000fc4a2790,0x00000000feb00000)
 Metaspace       used 7657K, capacity 7836K, committed 7936K, reserved 1056768K
  class space    used 871K, capacity 956K, committed 1024K, reserved 1048576K
Event: 3.320 GC heap after
Heap after GC invocations=3 (full 0):
 PSYoungGen      total 18944K, used 2538K [0x00000000feb00000, 0x0000000100000000, 0x0000000100000000)
  eden space 16384K, 0% used [0x00000000feb00000,0x00000000feb00000,0x00000000ffb00000)
  from space 2560K, 99% used [0x00000000ffb00000,0x00000000ffd7a850,0x00000000ffd80000)
  to   space 2560K, 0% used [0x00000000ffd80000,0x00000000ffd80000,0x0000000100000000)
 ParOldGen       total 44032K, used 4857K [0x00000000fc000000, 0x00000000feb00000, 0x00000000feb00000)
  object space 44032K, 11% used [0x00000000fc000000,0x00000000fc4be790,0x00000000feb00000)
 Metaspace       used 7657K, capacity 7836K, committed 7936K, reserved 1056768K
  class space    used 871K, capacity 956K, committed 1024K, reserved 1048576K
}

Deoptimization events (10 events):
Event: 1.083 Thread 0x0000000004743800 Uncommon trap: reason=unstable_if action=reinterpret pc=0x0000000004b28590 method=java.lang.String.<init>([CII)V @ 18
Event: 1.092 Thread 0x0000000004743800 Uncommon trap: reason=unstable_if action=reinterpret pc=0x0000000004a2a2f0 method=java.lang.String.<init>([CII)V @ 18
Event: 1.169 Thread 0x0000000004743800 Uncommon trap: reason=unstable_if action=reinterpret pc=0x0000000004b67224 method=org.objectweb.asm.ClassReader.readUTF8(I[C)Ljava/lang/String; @ 7
Event: 3.089 Thread 0x0000000004743800 Uncommon trap: reason=unstable_if action=reinterpret pc=0x0000000004bcdb64 method=org.objectweb.asm.ClassReader.a(II[C)Ljava/lang/String; @ 77
Event: 3.089 Thread 0x0000000004743800 Uncommon trap: reason=unstable_if action=reinterpret pc=0x0000000004b7e488 method=org.objectweb.asm.ByteVector.putUTF8(Ljava/lang/String;)Lorg/objectweb/asm/ByteVector; @ 91
Event: 3.220 Thread 0x0000000004743800 Uncommon trap: reason=unstable_if action=reinterpret pc=0x0000000004be34b4 method=org.objectweb.asm.ClassReader.a(IZZLorg/objectweb/asm/Context;)I @ 236
Event: 3.262 Thread 0x0000000004743800 Uncommon trap: reason=unstable_if action=reinterpret pc=0x0000000004bd3724 method=org.objectweb.asm.tree.MethodNode.getLabelNodes([Ljava/lang/Object;)[Ljava/lang/Object; @ 24
Event: 3.267 Thread 0x0000000004743800 Uncommon trap: reason=unstable_if action=reinterpret pc=0x0000000004bc9988 method=org.objectweb.asm.Type.getArgumentsAndReturnSizes(Ljava/lang/String;)I @ 118
Event: 3.278 Thread 0x0000000004743800 Uncommon trap: reason=unstable_if action=reinterpret pc=0x0000000004c2160c method=org.objectweb.asm.Type.getArgumentsAndReturnSizes(Ljava/lang/String;)I @ 118
Event: 3.313 Thread 0x0000000004743800 Uncommon trap: reason=unstable_if action=reinterpret pc=0x0000000004b2c038 method=org.objectweb.asm.ByteVector.putUTF8(Ljava/lang/String;)Lorg/objectweb/asm/ByteVector; @ 98

Classes redefined (0 events):
No events

Internal exceptions (10 events):
Event: 1.211 Thread 0x0000000004743800 Exception <a 'sun/nio/fs/WindowsException'> (0x00000000ff01c530) thrown at [D:\src\AOSP-openjdk-cygwin\jdk8u\hotspot\src\share\vm\prims\jni.cpp, line 709]
Event: 1.211 Thread 0x0000000004743800 Exception <a 'sun/nio/fs/WindowsException'> (0x00000000ff01ca28) thrown at [D:\src\AOSP-openjdk-cygwin\jdk8u\hotspot\src\share\vm\prims\jni.cpp, line 709]
Event: 2.370 Thread 0x0000000004743800 Exception <a 'sun/nio/fs/WindowsException'> (0x00000000ff05d6b0) thrown at [D:\src\AOSP-openjdk-cygwin\jdk8u\hotspot\src\share\vm\prims\jni.cpp, line 709]
Event: 2.370 Thread 0x0000000004743800 Exception <a 'sun/nio/fs/WindowsException'> (0x00000000ff05dba8) thrown at [D:\src\AOSP-openjdk-cygwin\jdk8u\hotspot\src\share\vm\prims\jni.cpp, line 709]
Event: 3.082 Thread 0x0000000004743800 Exception <a 'sun/nio/fs/WindowsException'> (0x00000000ff0decb0) thrown at [D:\src\AOSP-openjdk-cygwin\jdk8u\hotspot\src\share\vm\prims\jni.cpp, line 709]
Event: 3.082 Thread 0x0000000004743800 Exception <a 'sun/nio/fs/WindowsException'> (0x00000000ff0df1a8) thrown at [D:\src\AOSP-openjdk-cygwin\jdk8u\hotspot\src\share\vm\prims\jni.cpp, line 709]
Event: 3.213 Thread 0x0000000004743800 Exception <a 'sun/nio/fs/WindowsException'> (0x00000000ff1d1ae8) thrown at [D:\src\AOSP-openjdk-cygwin\jdk8u\hotspot\src\share\vm\prims\jni.cpp, line 709]
Event: 3.213 Thread 0x0000000004743800 Exception <a 'sun/nio/fs/WindowsException'> (0x00000000ff1d1fe0) thrown at [D:\src\AOSP-openjdk-cygwin\jdk8u\hotspot\src\share\vm\prims\jni.cpp, line 709]
Event: 3.242 Thread 0x0000000004743800 Exception <a 'sun/nio/fs/WindowsException'> (0x00000000ff34f848) thrown at [D:\src\AOSP-openjdk-cygwin\jdk8u\hotspot\src\share\vm\prims\jni.cpp, line 709]
Event: 3.242 Thread 0x0000000004743800 Exception <a 'sun/nio/fs/WindowsException'> (0x00000000ff34fd40) thrown at [D:\src\AOSP-openjdk-cygwin\jdk8u\hotspot\src\share\vm\prims\jni.cpp, line 709]

Events (10 events):
Event: 3.314 Executing VM operation: ParallelGCFailedAllocation
Event: 3.320 Executing VM operation: ParallelGCFailedAllocation done
Event: 3.322 Thread 0x0000000004743800 DEOPT PACKING pc=0x0000000004b027ad sp=0x000000000453eae0
Event: 3.322 Thread 0x0000000004743800 DEOPT UNPACKING pc=0x00000000048875bf sp=0x000000000453ea90 mode 0
Event: 3.350 Thread 0x0000000004743800 DEOPT PACKING pc=0x0000000004b027ad sp=0x000000000453eae0
Event: 3.350 Thread 0x0000000004743800 DEOPT UNPACKING pc=0x00000000048875bf sp=0x000000000453ea90 mode 0
Event: 3.356 Thread 0x0000000004743800 DEOPT PACKING pc=0x0000000004b60506 sp=0x000000000453ed00
Event: 3.356 Thread 0x0000000004743800 DEOPT UNPACKING pc=0x00000000048875bf sp=0x000000000453eae0 mode 0
Event: 3.365 Thread 0x0000000004743800 DEOPT PACKING pc=0x0000000004b42730 sp=0x000000000453ecb0
Event: 3.365 Thread 0x0000000004743800 DEOPT UNPACKING pc=0x00000000048875bf sp=0x000000000453e9d8 mode 0


Dynamic libraries:
0x00007ff60e000000 - 0x00007ff60e031000 	C:\Program Files\Android\Android Studio\jre\bin\java.exe
0x00007ffd5def0000 - 0x00007ffd5e0d0000 	C:\Windows\SYSTEM32\ntdll.dll
0x00007ffd5b620000 - 0x00007ffd5b6ce000 	C:\Windows\System32\KERNEL32.DLL
0x00007ffd5a8a0000 - 0x00007ffd5ab06000 	C:\Windows\System32\KERNELBASE.dll
0x00007ffd5ddd0000 - 0x00007ffd5de71000 	C:\Windows\System32\ADVAPI32.dll
0x00007ffd5b460000 - 0x00007ffd5b4fd000 	C:\Windows\System32\msvcrt.dll
0x00007ffd5d730000 - 0x00007ffd5d78b000 	C:\Windows\System32\sechost.dll
0x00007ffd5b500000 - 0x00007ffd5b61f000 	C:\Windows\System32\RPCRT4.dll
0x00007ffd5d960000 - 0x00007ffd5daef000 	C:\Windows\System32\USER32.dll
0x00007ffd5a4c0000 - 0x00007ffd5a4e0000 	C:\Windows\System32\win32u.dll
0x00007ffd5de80000 - 0x00007ffd5dea8000 	C:\Windows\System32\GDI32.dll
0x00007ffd5a700000 - 0x00007ffd5a893000 	C:\Windows\System32\gdi32full.dll
0x00007ffd5a660000 - 0x00007ffd5a6fb000 	C:\Windows\System32\msvcp_win.dll
0x00007ffd5a4e0000 - 0x00007ffd5a5d5000 	C:\Windows\System32\ucrtbase.dll
0x00007ffd50190000 - 0x00007ffd503f9000 	C:\Windows\WinSxS\amd64_microsoft.windows.common-controls_6595b64144ccf1df_6.0.16299.611_none_15c7d8029365981f\COMCTL32.dll
0x00007ffd5d070000 - 0x00007ffd5d377000 	C:\Windows\System32\combase.dll
0x00007ffd5a5e0000 - 0x00007ffd5a652000 	C:\Windows\System32\bcryptPrimitives.dll
0x00007ffd5dda0000 - 0x00007ffd5ddcd000 	C:\Windows\System32\IMM32.DLL
0x00000000588c0000 - 0x0000000058992000 	C:\Program Files\Android\Android Studio\jre\jre\bin\msvcr100.dll
0x0000000058a80000 - 0x00000000592be000 	C:\Program Files\Android\Android Studio\jre\jre\bin\server\jvm.dll
0x00007ffd5d590000 - 0x00007ffd5d598000 	C:\Windows\System32\PSAPI.DLL
0x00007ffd56fd0000 - 0x00007ffd56fd9000 	C:\Windows\SYSTEM32\WSOCK32.dll
0x00007ffd5d7a0000 - 0x00007ffd5d80c000 	C:\Windows\System32\WS2_32.dll
0x00007ffd584f0000 - 0x00007ffd58513000 	C:\Windows\SYSTEM32\WINMM.dll
0x00007ffd53d80000 - 0x00007ffd53d8a000 	C:\Windows\SYSTEM32\VERSION.dll
0x00007ffd58490000 - 0x00007ffd584ba000 	C:\Windows\SYSTEM32\WINMMBASE.dll
0x00007ffd5b370000 - 0x00007ffd5b3ba000 	C:\Windows\System32\cfgmgr32.dll
0x00007ffd51930000 - 0x00007ffd5193f000 	C:\Program Files\Android\Android Studio\jre\jre\bin\verify.dll
0x00007ffd3d100000 - 0x00007ffd3d129000 	C:\Program Files\Android\Android Studio\jre\jre\bin\java.dll
0x00007ffd42280000 - 0x00007ffd42296000 	C:\Program Files\Android\Android Studio\jre\jre\bin\zip.dll
0x00007ffd5bbd0000 - 0x00007ffd5d008000 	C:\Windows\System32\SHELL32.dll
0x00007ffd5b6d0000 - 0x00007ffd5b776000 	C:\Windows\System32\shcore.dll
0x00007ffd5abc0000 - 0x00007ffd5b307000 	C:\Windows\System32\windows.storage.dll
0x00007ffd5d3e0000 - 0x00007ffd5d431000 	C:\Windows\System32\shlwapi.dll
0x00007ffd5a2b0000 - 0x00007ffd5a2c1000 	C:\Windows\System32\kernel.appcore.dll
0x00007ffd5a260000 - 0x00007ffd5a2ac000 	C:\Windows\System32\powrprof.dll
0x00007ffd5a2d0000 - 0x00007ffd5a2eb000 	C:\Windows\System32\profapi.dll
0x00007ffd59c30000 - 0x00007ffd59c47000 	C:\Windows\SYSTEM32\CRYPTSP.dll
0x00007ffd59670000 - 0x00007ffd596a3000 	C:\Windows\system32\rsaenh.dll
0x00007ffd59da0000 - 0x00007ffd59dc5000 	C:\Windows\SYSTEM32\bcrypt.dll
0x00007ffd5a170000 - 0x00007ffd5a199000 	C:\Windows\SYSTEM32\USERENV.dll
0x00007ffd59c50000 - 0x00007ffd59c5b000 	C:\Windows\SYSTEM32\CRYPTBASE.dll
0x00007ffd4c8e0000 - 0x00007ffd4c8fa000 	C:\Program Files\Android\Android Studio\jre\jre\bin\net.dll
0x00007ffd59a70000 - 0x00007ffd59ad6000 	C:\Windows\system32\mswsock.dll
0x00007ffd59800000 - 0x00007ffd59839000 	C:\Windows\SYSTEM32\IPHLPAPI.DLL
0x00007ffd5deb0000 - 0x00007ffd5deb8000 	C:\Windows\System32\NSI.dll
0x00007ffd561b0000 - 0x00007ffd561c6000 	C:\Windows\SYSTEM32\dhcpcsvc6.DLL
0x00007ffd56190000 - 0x00007ffd561aa000 	C:\Windows\SYSTEM32\dhcpcsvc.DLL
0x00007ffd4c840000 - 0x00007ffd4c851000 	C:\Program Files\Android\Android Studio\jre\jre\bin\nio.dll

VM Arguments:
jvm_args: -Djava.awt.headless=true -Xmx64M -Dfile.encoding=windows-1251 -Duser.country=RU -Duser.language=ru -Duser.variant 
java_command: com.google.devtools.build.android.desugar.Desugar --input C:\Users\PC\git\HttpTest\app\build\intermediates\transforms\stackFramesFixer\debug\11.jar --output C:\Users\PC\git\HttpTest\app\build\intermediates\transforms\desugar\debug\12.jar --input C:\Users\PC\git\HttpTest\app\build\intermediates\transforms\stackFramesFixer\debug\22.jar --output C:\Users\PC\git\HttpTest\app\build\intermediates\transforms\desugar\debug\23.jar --input C:\Users\PC\git\HttpTest\app\build\intermediates\transforms\stackFramesFixer\debug\12.jar --output C:\Users\PC\git\HttpTest\app\build\intermediates\transforms\desugar\debug\13.jar --input C:\Users\PC\git\HttpTest\app\build\intermediates\transforms\stackFramesFixer\debug\0.jar --output C:\Users\PC\git\HttpTest\app\build\intermediates\transforms\desugar\debug\1.jar --input C:\Users\PC\git\HttpTest\app\build\intermediates\transforms\stackFramesFixer\debug\14.jar --output C:\Users\PC\git\HttpTest\app\build\intermediates\transforms\desugar\debug\15.jar --input C:\Users\PC\git\HttpTest\app\build\intermediates\transforms\stackFramesFixer\debug\18.jar --output C:\Users\PC\git\HttpTest\app\build\intermediates\transforms\desugar\debug\19.jar --input C:\Users\PC\git\HttpTest\app\build\intermediates\transforms\stackFramesFixer\debug\6.jar --output C:\Users\PC\git\HttpTest\app\build\intermediates\transforms\desugar\debug\7.jar --classpath_entry C:\Users\PC\git\HttpTest\app\build\intermediates\classes\debug --classpath_entry C:\Users\PC\git\HttpTest\app\build\intermediates\transforms\stackFramesFixer\debug\0.jar --classpath_entry C:\Users\PC\git\HttpTest\app\build\intermediates\transforms\stackFramesFixer\debug\1.jar --classpath_entry C:\Users\PC\git\HttpTest\app\build\intermediates\transforms\stackFramesFixer\debug\2.jar --classpath_entry C:\Users\PC\git\HttpTest\app\build\intermediates\transforms\stackFramesFixer\debug\3.jar --classpath_entry C:\Users\PC\git\HttpTest\app\build\intermediates\transforms\stackFramesFixer\debug\4.jar --clas
java_class_path (initial): C:\Users\PC\AppData\Local\Temp\desugar_deploy.jar1873233598249578448
Launcher Type: SUN_STANDARD

Environment Variables:
JAVA_HOME=C:\Program Files\Java\jdk1.8.0_171
PATH=C:\Windows\system32;C:\Windows;C:\Windows\System32\Wbem;C:\Windows\System32\WindowsPowerShell\v1.0\;C:\Program Files (x86)\NVIDIA Corporation\PhysX\Common;C:\Program Files\Git\cmd;C:\Program Files\Java\jdk1.8.0_171\bin;C:\ProgramData\chocolatey\bin;C:\Program Files (x86)\PuTTY\;C:\Users\PC\AppData\Local\Microsoft\WindowsApps;C:\Users\PC\AppData\Local\atom\bin
USERNAME=PC
OS=Windows_NT
PROCESSOR_IDENTIFIER=Intel64 Family 6 Model 158 Stepping 9, GenuineIntel



---------------  S Y S T E M  ---------------

OS: Windows 10.0 , 64 bit Build 16299 (10.0.16299.431)

CPU:total 4 (initial active 4) (4 cores per cpu, 1 threads per core) family 6 model 158 stepping 9, cmov, cx8, fxsr, mmx, sse, sse2, sse3, ssse3, sse4.1, sse4.2, popcnt, avx, avx2, aes, clmul, erms, rtm, 3dnowpref, lzcnt, tsc, tscinvbit, bmi1, bmi2, adx

Memory: 4k page, physical 8352828k(1116664k free), swap 11096584k(5708k free)

vm_info: OpenJDK 64-Bit Server VM (25.152-b01) for windows-amd64 JRE (1.8.0_152-release-915-b01), built by "builder" with MS VC++ 10.0 (VS2010)

time: Mon Oct 15 12:24:54 2018
elapsed time: 3 seconds (0d 0h 0m 3s)

